# JRE version: Java(TM) SE Runtime Environment (8.0_241-b07) (build 1.8.0_241-b07)
# Java VM: Java HotSpot(TM) 64-Bit Server VM (25.241-b07 mixed mode windows-amd64 compressed oops)
Heap:
 PSYoungGen      total 250880K, used 106819K [0x00000000d5d00000, 0x00000000e6200000, 0x0000000100000000)
  eden space 239104K, 44% used [0x00000000d5d00000,0x00000000dc550f80,0x00000000e4680000)
  from space 11776K, 0% used [0x00000000e5200000,0x00000000e5200000,0x00000000e5d80000)
  to   space 11776K, 0% used [0x00000000e4680000,0x00000000e4680000,0x00000000e5200000)
 ParOldGen       total 62464K, used 13833K [0x0000000081600000, 0x0000000085300000, 0x00000000d5d00000)
  object space 62464K, 22% used [0x0000000081600000,0x0000000082382710,0x0000000085300000)
 Metaspace       used 40944K, capacity 43524K, committed 43904K, reserved 1087488K
  class space    used 5432K, capacity 5919K, committed 6016K, reserved 1048576K
GC Heap History (10 events):
Event: 3.655 GC heap before
{Heap before GC invocations=6 (full 1):
 PSYoungGen      total 71680K, used 5112K [0x00000000d5d00000, 0x00000000df200000, 0x0000000100000000)
  eden space 66560K, 0% used [0x00000000d5d00000,0x00000000d5d00000,0x00000000d9e00000)
  from space 5120K, 99% used [0x00000000d9e00000,0x00000000da2fe030,0x00000000da300000)
  to   space 9728K, 0% used [0x00000000de880000,0x00000000de880000,0x00000000df200000)
 ParOldGen       total 87552K, used 7429K [0x0000000081600000, 0x0000000086b80000, 0x00000000d5d00000)
  object space 87552K, 8% used [0x0000000081600000,0x0000000081d415c0,0x0000000086b80000)
 Metaspace       used 20214K, capacity 21236K, committed 21296K, reserved 1067008K
  class space    used 2682K, capacity 2925K, committed 2944K, reserved 1048576K
Event: 3.688 GC heap after
Heap after GC invocations=6 (full 1):
 PSYoungGen      total 71680K, used 0K [0x00000000d5d00000, 0x00000000df200000, 0x0000000100000000)
  eden space 66560K, 0% used [0x00000000d5d00000,0x00000000d5d00000,0x00000000d9e00000)
  from space 5120K, 0% used [0x00000000d9e00000,0x00000000d9e00000,0x00000000da300000)
  to   space 9728K, 0% used [0x00000000de880000,0x00000000de880000,0x00000000df200000)
 ParOldGen       total 47104K, used 6346K [0x0000000081600000, 0x0000000084400000, 0x00000000d5d00000)
  object space 47104K, 13% used [0x0000000081600000,0x0000000081c32828,0x0000000084400000)
 Metaspace       used 20214K, capacity 21236K, committed 21296K, reserved 1067008K
  class space    used 2682K, capacity 2925K, committed 2944K, reserved 1048576K
}
Event: 4.328 GC heap before
{Heap before GC invocations=7 (full 1):
 PSYoungGen      total 71680K, used 66560K [0x00000000d5d00000, 0x00000000df200000, 0x0000000100000000)
  eden space 66560K, 100% used [0x00000000d5d00000,0x00000000d9e00000,0x00000000d9e00000)
  from space 5120K, 0% used [0x00000000d9e00000,0x00000000d9e00000,0x00000000da300000)
  to   space 9728K, 0% used [0x00000000de880000,0x00000000de880000,0x00000000df200000)
 ParOldGen       total 47104K, used 6346K [0x0000000081600000, 0x0000000084400000, 0x00000000d5d00000)
  object space 47104K, 13% used [0x0000000081600000,0x0000000081c32828,0x0000000084400000)
 Metaspace       used 23244K, capacity 24602K, committed 24704K, reserved 1071104K
  class space    used 3134K, capacity 3439K, committed 3456K, reserved 1048576K
Event: 4.334 GC heap after
Heap after GC invocations=7 (full 1):
 PSYoungGen      total 133120K, used 5816K [0x00000000d5d00000, 0x00000000dee80000, 0x0000000100000000)
  eden space 126976K, 0% used [0x00000000d5d00000,0x00000000d5d00000,0x00000000dd900000)
  from space 6144K, 94% used [0x00000000de880000,0x00000000dee2e3f8,0x00000000dee80000)
  to   space 9728K, 0% used [0x00000000ddb80000,0x00000000ddb80000,0x00000000de500000)
 ParOldGen       total 47104K, used 6354K [0x0000000081600000, 0x0000000084400000, 0x00000000d5d00000)
  object space 47104K, 13% used [0x0000000081600000,0x0000000081c34828,0x0000000084400000)
 Metaspace       used 23244K, capacity 24602K, committed 24704K, reserved 1071104K
  class space    used 3134K, capacity 3439K, committed 3456K, reserved 1048576K
}
Event: 5.415 GC heap before
{Heap before GC invocations=8 (full 1):
 PSYoungGen      total 133120K, used 132792K [0x00000000d5d00000, 0x00000000dee80000, 0x0000000100000000)
  eden space 126976K, 100% used [0x00000000d5d00000,0x00000000dd900000,0x00000000dd900000)
  from space 6144K, 94% used [0x00000000de880000,0x00000000dee2e3f8,0x00000000dee80000)
  to   space 9728K, 0% used [0x00000000ddb80000,0x00000000ddb80000,0x00000000de500000)
 ParOldGen       total 47104K, used 6354K [0x0000000081600000, 0x0000000084400000, 0x00000000d5d00000)
  object space 47104K, 13% used [0x0000000081600000,0x0000000081c34828,0x0000000084400000)
 Metaspace       used 32759K, capacity 34730K, committed 35072K, reserved 1079296K
  class space    used 4346K, capacity 4737K, committed 4864K, reserved 1048576K
Event: 5.430 GC heap after
Heap after GC invocations=8 (full 1):
 PSYoungGen      total 139264K, used 9724K [0x00000000d5d00000, 0x00000000e5d80000, 0x0000000100000000)
  eden space 129536K, 0% used [0x00000000d5d00000,0x00000000d5d00000,0x00000000ddb80000)
  from space 9728K, 99% used [0x00000000ddb80000,0x00000000de4ff3f8,0x00000000de500000)
  to   space 11776K, 0% used [0x00000000e5200000,0x00000000e5200000,0x00000000e5d80000)
 ParOldGen       total 47104K, used 8252K [0x0000000081600000, 0x0000000084400000, 0x00000000d5d00000)
  object space 47104K, 17% used [0x0000000081600000,0x0000000081e0f128,0x0000000084400000)
 Metaspace       used 32759K, capacity 34730K, committed 35072K, reserved 1079296K
  class space    used 4346K, capacity 4737K, committed 4864K, reserved 1048576K
}
Event: 5.546 GC heap before
{Heap before GC invocations=9 (full 1):
 PSYoungGen      total 139264K, used 25658K [0x00000000d5d00000, 0x00000000e5d80000, 0x0000000100000000)
  eden space 129536K, 12% used [0x00000000d5d00000,0x00000000d6c8f4b8,0x00000000ddb80000)
  from space 9728K, 99% used [0x00000000ddb80000,0x00000000de4ff3f8,0x00000000de500000)
  to   space 11776K, 0% used [0x00000000e5200000,0x00000000e5200000,0x00000000e5d80000)
 ParOldGen       total 47104K, used 8252K [0x0000000081600000, 0x0000000084400000, 0x00000000d5d00000)
  object space 47104K, 17% used [0x0000000081600000,0x0000000081e0f128,0x0000000084400000)
 Metaspace       used 33416K, capacity 35402K, committed 35496K, reserved 1079296K
  class space    used 4436K, capacity 4821K, committed 4864K, reserved 1048576K
Event: 5.554 GC heap after
Heap after GC invocations=9 (full 1):
 PSYoungGen      total 250880K, used 8337K [0x00000000d5d00000, 0x00000000e6200000, 0x0000000100000000)
  eden space 239104K, 0% used [0x00000000d5d00000,0x00000000d5d00000,0x00000000e4680000)
  from space 11776K, 70% used [0x00000000e5200000,0x00000000e5a24410,0x00000000e5d80000)
  to   space 11776K, 0% used [0x00000000e4680000,0x00000000e4680000,0x00000000e5200000)
 ParOldGen       total 47104K, used 8260K [0x0000000081600000, 0x0000000084400000, 0x00000000d5d00000)
  object space 47104K, 17% used [0x0000000081600000,0x0000000081e11128,0x0000000084400000)
 Metaspace       used 33416K, capacity 35402K, committed 35496K, reserved 1079296K
  class space    used 4436K, capacity 4821K, committed 4864K, reserved 1048576K
}
Event: 5.554 GC heap before
{Heap before GC invocations=10 (full 2):
 PSYoungGen      total 250880K, used 8337K [0x00000000d5d00000, 0x00000000e6200000, 0x0000000100000000)
  eden space 239104K, 0% used [0x00000000d5d00000,0x00000000d5d00000,0x00000000e4680000)
  from space 11776K, 70% used [0x00000000e5200000,0x00000000e5a24410,0x00000000e5d80000)
  to   space 11776K, 0% used [0x00000000e4680000,0x00000000e4680000,0x00000000e5200000)
 ParOldGen       total 47104K, used 8260K [0x0000000081600000, 0x0000000084400000, 0x00000000d5d00000)
  object space 47104K, 17% used [0x0000000081600000,0x0000000081e11128,0x0000000084400000)
 Metaspace       used 33416K, capacity 35402K, committed 35496K, reserved 1079296K
  class space    used 4436K, capacity 4821K, committed 4864K, reserved 1048576K
Event: 5.608 GC heap after
Heap after GC invocations=10 (full 2):
 PSYoungGen      total 250880K, used 0K [0x00000000d5d00000, 0x00000000e6200000, 0x0000000100000000)
  eden space 239104K, 0% used [0x00000000d5d00000,0x00000000d5d00000,0x00000000e4680000)
  from space 11776K, 0% used [0x00000000e5200000,0x00000000e5200000,0x00000000e5d80000)
  to   space 11776K, 0% used [0x00000000e4680000,0x00000000e4680000,0x00000000e5200000)
 ParOldGen       total 62464K, used 13833K [0x0000000081600000, 0x0000000085300000, 0x00000000d5d00000)
  object space 62464K, 22% used [0x0000000081600000,0x0000000082382710,0x0000000085300000)
 Metaspace       used 33416K, capacity 35402K, committed 35496K, reserved 1079296K
  class space    used 4436K, capacity 4821K, committed 4864K, reserved 1048576K
}

