# JRE version: Java(TM) SE Runtime Environment (8.0_291-b10) (build 1.8.0_291-b10)
# Java VM: Java HotSpot(TM) 64-Bit Server VM (25.291-b10 mixed mode windows-amd64 compressed oops)
Heap:
 PSYoungGen      total 172032K, used 128729K [0x000000076bd00000, 0x0000000779900000, 0x00000007c0000000)
  eden space 158720K, 81% used [0x000000076bd00000,0x0000000773ab64f8,0x0000000775800000)
  from space 13312K, 0% used [0x0000000776480000,0x0000000776480000,0x0000000777180000)
  to   space 12800K, 0% used [0x0000000775800000,0x0000000775800000,0x0000000776480000)
 ParOldGen       total 160256K, used 14082K [0x00000006c3600000, 0x00000006cd280000, 0x000000076bd00000)
  object space 160256K, 8% used [0x00000006c3600000,0x00000006c43c0a00,0x00000006cd280000)
 Metaspace       used 44713K, capacity 47342K, committed 47488K, reserved 1089536K
  class space    used 5968K, capacity 6468K, committed 6528K, reserved 1048576K
GC Heap History (10 events):
Event: 1.249 GC heap before
{Heap before GC invocations=4 (full 1):
 PSYoungGen      total 75776K, used 7960K [0x000000076bd00000, 0x0000000775100000, 0x00000007c0000000)
  eden space 65024K, 0% used [0x000000076bd00000,0x000000076bd00000,0x000000076fc80000)
  from space 10752K, 74% used [0x000000076fc80000,0x0000000770446190,0x0000000770700000)
  to   space 10752K, 0% used [0x0000000774680000,0x0000000774680000,0x0000000775100000)
 ParOldGen       total 173568K, used 619K [0x00000006c3600000, 0x00000006cdf80000, 0x000000076bd00000)
  object space 173568K, 0% used [0x00000006c3600000,0x00000006c369af00,0x00000006cdf80000)
 Metaspace       used 20204K, capacity 21218K, committed 21296K, reserved 1067008K
  class space    used 2659K, capacity 2913K, committed 2944K, reserved 1048576K
Event: 1.267 GC heap after
Heap after GC invocations=4 (full 1):
 PSYoungGen      total 75776K, used 0K [0x000000076bd00000, 0x0000000775100000, 0x00000007c0000000)
  eden space 65024K, 0% used [0x000000076bd00000,0x000000076bd00000,0x000000076fc80000)
  from space 10752K, 0% used [0x000000076fc80000,0x000000076fc80000,0x0000000770700000)
  to   space 10752K, 0% used [0x0000000774680000,0x0000000774680000,0x0000000775100000)
 ParOldGen       total 100352K, used 7706K [0x00000006c3600000, 0x00000006c9800000, 0x000000076bd00000)
  object space 100352K, 7% used [0x00000006c3600000,0x00000006c3d86a20,0x00000006c9800000)
 Metaspace       used 20204K, capacity 21218K, committed 21296K, reserved 1067008K
  class space    used 2659K, capacity 2913K, committed 2944K, reserved 1048576K
}
Event: 1.537 GC heap before
{Heap before GC invocations=5 (full 1):
 PSYoungGen      total 75776K, used 65024K [0x000000076bd00000, 0x0000000775100000, 0x00000007c0000000)
  eden space 65024K, 100% used [0x000000076bd00000,0x000000076fc80000,0x000000076fc80000)
  from space 10752K, 0% used [0x000000076fc80000,0x000000076fc80000,0x0000000770700000)
  to   space 10752K, 0% used [0x0000000774680000,0x0000000774680000,0x0000000775100000)
 ParOldGen       total 100352K, used 7706K [0x00000006c3600000, 0x00000006c9800000, 0x000000076bd00000)
  object space 100352K, 7% used [0x00000006c3600000,0x00000006c3d86a20,0x00000006c9800000)
 Metaspace       used 23625K, capacity 25012K, committed 25344K, reserved 1071104K
  class space    used 3188K, capacity 3482K, committed 3584K, reserved 1048576K
Event: 1.540 GC heap after
Heap after GC invocations=5 (full 1):
 PSYoungGen      total 108032K, used 5729K [0x000000076bd00000, 0x0000000774c80000, 0x00000007c0000000)
  eden space 101888K, 0% used [0x000000076bd00000,0x000000076bd00000,0x0000000772080000)
  from space 6144K, 93% used [0x0000000774680000,0x0000000774c18408,0x0000000774c80000)
  to   space 10752K, 0% used [0x0000000773780000,0x0000000773780000,0x0000000774200000)
 ParOldGen       total 100352K, used 7714K [0x00000006c3600000, 0x00000006c9800000, 0x000000076bd00000)
  object space 100352K, 7% used [0x00000006c3600000,0x00000006c3d88a20,0x00000006c9800000)
 Metaspace       used 23625K, capacity 25012K, committed 25344K, reserved 1071104K
  class space    used 3188K, capacity 3482K, committed 3584K, reserved 1048576K
}
Event: 2.000 GC heap before
{Heap before GC invocations=6 (full 1):
 PSYoungGen      total 108032K, used 107617K [0x000000076bd00000, 0x0000000774c80000, 0x00000007c0000000)
  eden space 101888K, 100% used [0x000000076bd00000,0x0000000772080000,0x0000000772080000)
  from space 6144K, 93% used [0x0000000774680000,0x0000000774c18408,0x0000000774c80000)
  to   space 10752K, 0% used [0x0000000773780000,0x0000000773780000,0x0000000774200000)
 ParOldGen       total 100352K, used 7714K [0x00000006c3600000, 0x00000006c9800000, 0x000000076bd00000)
  object space 100352K, 7% used [0x00000006c3600000,0x00000006c3d88a20,0x00000006c9800000)
 Metaspace       used 32197K, capacity 34106K, committed 34432K, reserved 1079296K
  class space    used 4242K, capacity 4611K, committed 4736K, reserved 1048576K
Event: 2.006 GC heap after
Heap after GC invocations=6 (full 1):
 PSYoungGen      total 136192K, used 10725K [0x000000076bd00000, 0x0000000777180000, 0x00000007c0000000)
  eden space 125440K, 0% used [0x000000076bd00000,0x000000076bd00000,0x0000000773780000)
  from space 10752K, 99% used [0x0000000773780000,0x00000007741f9590,0x0000000774200000)
  to   space 13312K, 0% used [0x0000000776480000,0x0000000776480000,0x0000000777180000)
 ParOldGen       total 100352K, used 7909K [0x00000006c3600000, 0x00000006c9800000, 0x000000076bd00000)
  object space 100352K, 7% used [0x00000006c3600000,0x00000006c3db9730,0x00000006c9800000)
 Metaspace       used 32197K, capacity 34106K, committed 34432K, reserved 1079296K
  class space    used 4242K, capacity 4611K, committed 4736K, reserved 1048576K
}
Event: 2.155 GC heap before
{Heap before GC invocations=7 (full 1):
 PSYoungGen      total 136192K, used 63536K [0x000000076bd00000, 0x0000000777180000, 0x00000007c0000000)
  eden space 125440K, 42% used [0x000000076bd00000,0x000000076f092e58,0x0000000773780000)
  from space 10752K, 99% used [0x0000000773780000,0x00000007741f9590,0x0000000774200000)
  to   space 13312K, 0% used [0x0000000776480000,0x0000000776480000,0x0000000777180000)
 ParOldGen       total 100352K, used 7909K [0x00000006c3600000, 0x00000006c9800000, 0x000000076bd00000)
  object space 100352K, 7% used [0x00000006c3600000,0x00000006c3db9730,0x00000006c9800000)
 Metaspace       used 33399K, capacity 35424K, committed 35496K, reserved 1079296K
  class space    used 4411K, capacity 4792K, committed 4864K, reserved 1048576K
Event: 2.159 GC heap after
Heap after GC invocations=7 (full 1):
 PSYoungGen      total 172032K, used 8467K [0x000000076bd00000, 0x0000000779900000, 0x00000007c0000000)
  eden space 158720K, 0% used [0x000000076bd00000,0x000000076bd00000,0x0000000775800000)
  from space 13312K, 63% used [0x0000000776480000,0x0000000776cc4cf8,0x0000000777180000)
  to   space 12800K, 0% used [0x0000000775800000,0x0000000775800000,0x0000000776480000)
 ParOldGen       total 100352K, used 7917K [0x00000006c3600000, 0x00000006c9800000, 0x000000076bd00000)
  object space 100352K, 7% used [0x00000006c3600000,0x00000006c3dbb730,0x00000006c9800000)
 Metaspace       used 33399K, capacity 35424K, committed 35496K, reserved 1079296K
  class space    used 4411K, capacity 4792K, committed 4864K, reserved 1048576K
}
Event: 2.159 GC heap before
{Heap before GC invocations=8 (full 2):
 PSYoungGen      total 172032K, used 8467K [0x000000076bd00000, 0x0000000779900000, 0x00000007c0000000)
  eden space 158720K, 0% used [0x000000076bd00000,0x000000076bd00000,0x0000000775800000)
  from space 13312K, 63% used [0x0000000776480000,0x0000000776cc4cf8,0x0000000777180000)
  to   space 12800K, 0% used [0x0000000775800000,0x0000000775800000,0x0000000776480000)
 ParOldGen       total 100352K, used 7917K [0x00000006c3600000, 0x00000006c9800000, 0x000000076bd00000)
  object space 100352K, 7% used [0x00000006c3600000,0x00000006c3dbb730,0x00000006c9800000)
 Metaspace       used 33399K, capacity 35424K, committed 35496K, reserved 1079296K
  class space    used 4411K, capacity 4792K, committed 4864K, reserved 1048576K
Event: 2.199 GC heap after
Heap after GC invocations=8 (full 2):
 PSYoungGen      total 172032K, used 0K [0x000000076bd00000, 0x0000000779900000, 0x00000007c0000000)
  eden space 158720K, 0% used [0x000000076bd00000,0x000000076bd00000,0x0000000775800000)
  from space 13312K, 0% used [0x0000000776480000,0x0000000776480000,0x0000000777180000)
  to   space 12800K, 0% used [0x0000000775800000,0x0000000775800000,0x0000000776480000)
 ParOldGen       total 160256K, used 14082K [0x00000006c3600000, 0x00000006cd280000, 0x000000076bd00000)
  object space 160256K, 8% used [0x00000006c3600000,0x00000006c43c0a00,0x00000006cd280000)
 Metaspace       used 33399K, capacity 35424K, committed 35496K, reserved 1079296K
  class space    used 4411K, capacity 4792K, committed 4864K, reserved 1048576K
}

