# JRE version: Java(TM) SE Runtime Environment (8.0_241-b07) (build 1.8.0_241-b07)
# Java VM: Java HotSpot(TM) 64-Bit Server VM (25.241-b07 mixed mode windows-amd64 compressed oops)
Heap:
 PSYoungGen      total 246784K, used 71720K [0x00000000d5d00000, 0x00000000e6200000, 0x0000000100000000)
  eden space 235008K, 30% used [0x00000000d5d00000,0x00000000da30a350,0x00000000e4280000)
  from space 11776K, 0% used [0x00000000e4d80000,0x00000000e4d80000,0x00000000e5900000)
  to   space 11264K, 0% used [0x00000000e4280000,0x00000000e4280000,0x00000000e4d80000)
 ParOldGen       total 61952K, used 13651K [0x0000000081600000, 0x0000000085280000, 0x00000000d5d00000)
  object space 61952K, 22% used [0x0000000081600000,0x0000000082354cc8,0x0000000085280000)
 Metaspace       used 37301K, capacity 39792K, committed 39808K, reserved 1083392K
  class space    used 5027K, capacity 5489K, committed 5504K, reserved 1048576K
GC Heap History (10 events):
Event: 4.043 GC heap before
{Heap before GC invocations=6 (full 1):
 PSYoungGen      total 71680K, used 5101K [0x00000000d5d00000, 0x00000000df200000, 0x0000000100000000)
  eden space 66560K, 0% used [0x00000000d5d00000,0x00000000d5d00000,0x00000000d9e00000)
  from space 5120K, 99% used [0x00000000d9e00000,0x00000000da2fb6e8,0x00000000da300000)
  to   space 9728K, 0% used [0x00000000de880000,0x00000000de880000,0x00000000df200000)
 ParOldGen       total 87552K, used 7063K [0x0000000081600000, 0x0000000086b80000, 0x00000000d5d00000)
  object space 87552K, 8% used [0x0000000081600000,0x0000000081ce5ed0,0x0000000086b80000)
 Metaspace       used 20215K, capacity 21232K, committed 21296K, reserved 1067008K
  class space    used 2682K, capacity 2925K, committed 2944K, reserved 1048576K
Event: 4.085 GC heap after
Heap after GC invocations=6 (full 1):
 PSYoungGen      total 71680K, used 0K [0x00000000d5d00000, 0x00000000df200000, 0x0000000100000000)
  eden space 66560K, 0% used [0x00000000d5d00000,0x00000000d5d00000,0x00000000d9e00000)
  from space 5120K, 0% used [0x00000000d9e00000,0x00000000d9e00000,0x00000000da300000)
  to   space 9728K, 0% used [0x00000000de880000,0x00000000de880000,0x00000000df200000)
 ParOldGen       total 47104K, used 6355K [0x0000000081600000, 0x0000000084400000, 0x00000000d5d00000)
  object space 47104K, 13% used [0x0000000081600000,0x0000000081c34d10,0x0000000084400000)
 Metaspace       used 20215K, capacity 21232K, committed 21296K, reserved 1067008K
  class space    used 2682K, capacity 2925K, committed 2944K, reserved 1048576K
}
Event: 4.665 GC heap before
{Heap before GC invocations=7 (full 1):
 PSYoungGen      total 71680K, used 66560K [0x00000000d5d00000, 0x00000000df200000, 0x0000000100000000)
  eden space 66560K, 100% used [0x00000000d5d00000,0x00000000d9e00000,0x00000000d9e00000)
  from space 5120K, 0% used [0x00000000d9e00000,0x00000000d9e00000,0x00000000da300000)
  to   space 9728K, 0% used [0x00000000de880000,0x00000000de880000,0x00000000df200000)
 ParOldGen       total 47104K, used 6355K [0x0000000081600000, 0x0000000084400000, 0x00000000d5d00000)
  object space 47104K, 13% used [0x0000000081600000,0x0000000081c34d10,0x0000000084400000)
 Metaspace       used 23282K, capacity 24658K, committed 24704K, reserved 1071104K
  class space    used 3139K, capacity 3439K, committed 3456K, reserved 1048576K
Event: 4.670 GC heap after
Heap after GC invocations=7 (full 1):
 PSYoungGen      total 132096K, used 5823K [0x00000000d5d00000, 0x00000000dee80000, 0x0000000100000000)
  eden space 125952K, 0% used [0x00000000d5d00000,0x00000000d5d00000,0x00000000dd800000)
  from space 6144K, 94% used [0x00000000de880000,0x00000000dee2fcd8,0x00000000dee80000)
  to   space 9216K, 0% used [0x00000000ddc80000,0x00000000ddc80000,0x00000000de580000)
 ParOldGen       total 47104K, used 6363K [0x0000000081600000, 0x0000000084400000, 0x00000000d5d00000)
  object space 47104K, 13% used [0x0000000081600000,0x0000000081c36d10,0x0000000084400000)
 Metaspace       used 23282K, capacity 24658K, committed 24704K, reserved 1071104K
  class space    used 3139K, capacity 3439K, committed 3456K, reserved 1048576K
}
Event: 5.788 GC heap before
{Heap before GC invocations=8 (full 1):
 PSYoungGen      total 132096K, used 131775K [0x00000000d5d00000, 0x00000000dee80000, 0x0000000100000000)
  eden space 125952K, 100% used [0x00000000d5d00000,0x00000000dd800000,0x00000000dd800000)
  from space 6144K, 94% used [0x00000000de880000,0x00000000dee2fcd8,0x00000000dee80000)
  to   space 9216K, 0% used [0x00000000ddc80000,0x00000000ddc80000,0x00000000de580000)
 ParOldGen       total 47104K, used 6363K [0x0000000081600000, 0x0000000084400000, 0x00000000d5d00000)
  object space 47104K, 13% used [0x0000000081600000,0x0000000081c36d10,0x0000000084400000)
 Metaspace       used 32751K, capacity 34674K, committed 34944K, reserved 1079296K
  class space    used 4337K, capacity 4697K, committed 4736K, reserved 1048576K
Event: 5.802 GC heap after
Heap after GC invocations=8 (full 1):
 PSYoungGen      total 139776K, used 9186K [0x00000000d5d00000, 0x00000000e5900000, 0x0000000100000000)
  eden space 130560K, 0% used [0x00000000d5d00000,0x00000000d5d00000,0x00000000ddc80000)
  from space 9216K, 99% used [0x00000000ddc80000,0x00000000de578a58,0x00000000de580000)
  to   space 11776K, 0% used [0x00000000e4d80000,0x00000000e4d80000,0x00000000e5900000)
 ParOldGen       total 47104K, used 8790K [0x0000000081600000, 0x0000000084400000, 0x00000000d5d00000)
  object space 47104K, 18% used [0x0000000081600000,0x0000000081e958f0,0x0000000084400000)
 Metaspace       used 32751K, capacity 34674K, committed 34944K, reserved 1079296K
  class space    used 4337K, capacity 4697K, committed 4736K, reserved 1048576K
}
Event: 5.897 GC heap before
{Heap before GC invocations=9 (full 1):
 PSYoungGen      total 139776K, used 23035K [0x00000000d5d00000, 0x00000000e5900000, 0x0000000100000000)
  eden space 130560K, 10% used [0x00000000d5d00000,0x00000000d6a86558,0x00000000ddc80000)
  from space 9216K, 99% used [0x00000000ddc80000,0x00000000de578a58,0x00000000de580000)
  to   space 11776K, 0% used [0x00000000e4d80000,0x00000000e4d80000,0x00000000e5900000)
 ParOldGen       total 47104K, used 8790K [0x0000000081600000, 0x0000000084400000, 0x00000000d5d00000)
  object space 47104K, 18% used [0x0000000081600000,0x0000000081e958f0,0x0000000084400000)
 Metaspace       used 33361K, capacity 35362K, committed 35496K, reserved 1079296K
  class space    used 4423K, capacity 4789K, committed 4864K, reserved 1048576K
Event: 5.907 GC heap after
Heap after GC invocations=9 (full 1):
 PSYoungGen      total 246784K, used 8074K [0x00000000d5d00000, 0x00000000e6200000, 0x0000000100000000)
  eden space 235008K, 0% used [0x00000000d5d00000,0x00000000d5d00000,0x00000000e4280000)
  from space 11776K, 68% used [0x00000000e4d80000,0x00000000e5562950,0x00000000e5900000)
  to   space 11264K, 0% used [0x00000000e4280000,0x00000000e4280000,0x00000000e4d80000)
 ParOldGen       total 47104K, used 8798K [0x0000000081600000, 0x0000000084400000, 0x00000000d5d00000)
  object space 47104K, 18% used [0x0000000081600000,0x0000000081e978f0,0x0000000084400000)
 Metaspace       used 33361K, capacity 35362K, committed 35496K, reserved 1079296K
  class space    used 4423K, capacity 4789K, committed 4864K, reserved 1048576K
}
Event: 5.907 GC heap before
{Heap before GC invocations=10 (full 2):
 PSYoungGen      total 246784K, used 8074K [0x00000000d5d00000, 0x00000000e6200000, 0x0000000100000000)
  eden space 235008K, 0% used [0x00000000d5d00000,0x00000000d5d00000,0x00000000e4280000)
  from space 11776K, 68% used [0x00000000e4d80000,0x00000000e5562950,0x00000000e5900000)
  to   space 11264K, 0% used [0x00000000e4280000,0x00000000e4280000,0x00000000e4d80000)
 ParOldGen       total 47104K, used 8798K [0x0000000081600000, 0x0000000084400000, 0x00000000d5d00000)
  object space 47104K, 18% used [0x0000000081600000,0x0000000081e978f0,0x0000000084400000)
 Metaspace       used 33361K, capacity 35362K, committed 35496K, reserved 1079296K
  class space    used 4423K, capacity 4789K, committed 4864K, reserved 1048576K
Event: 5.955 GC heap after
Heap after GC invocations=10 (full 2):
 PSYoungGen      total 246784K, used 0K [0x00000000d5d00000, 0x00000000e6200000, 0x0000000100000000)
  eden space 235008K, 0% used [0x00000000d5d00000,0x00000000d5d00000,0x00000000e4280000)
  from space 11776K, 0% used [0x00000000e4d80000,0x00000000e4d80000,0x00000000e5900000)
  to   space 11264K, 0% used [0x00000000e4280000,0x00000000e4280000,0x00000000e4d80000)
 ParOldGen       total 61952K, used 13651K [0x0000000081600000, 0x0000000085280000, 0x00000000d5d00000)
  object space 61952K, 22% used [0x0000000081600000,0x0000000082354cc8,0x0000000085280000)
 Metaspace       used 33361K, capacity 35362K, committed 35496K, reserved 1079296K
  class space    used 4423K, capacity 4789K, committed 4864K, reserved 1048576K
}

