# JRE version: Java(TM) SE Runtime Environment (8.0_291-b10) (build 1.8.0_291-b10)
# Java VM: Java HotSpot(TM) 64-Bit Server VM (25.291-b10 mixed mode windows-amd64 compressed oops)
Heap:
 PSYoungGen      total 327680K, used 287459K [0x000000076bd00000, 0x0000000785000000, 0x00000007c0000000)
  eden space 311296K, 92% used [0x000000076bd00000,0x000000077d5b8c20,0x000000077ed00000)
  from space 16384K, 0% used [0x000000077ed00000,0x000000077ed00000,0x000000077fd00000)
  to   space 16896K, 0% used [0x0000000783f80000,0x0000000783f80000,0x0000000785000000)
 ParOldGen       total 157184K, used 20295K [0x00000006c3600000, 0x00000006ccf80000, 0x000000076bd00000)
  object space 157184K, 12% used [0x00000006c3600000,0x00000006c49d1c30,0x00000006ccf80000)
 Metaspace       used 47203K, capacity 51025K, committed 51200K, reserved 1093632K
  class space    used 6176K, capacity 6850K, committed 6912K, reserved 1048576K
GC Heap History (10 events):
Event: 2.932 GC heap before
{Heap before GC invocations=7 (full 2):
 PSYoungGen      total 270848K, used 10503K [0x000000076bd00000, 0x0000000780a00000, 0x00000007c0000000)
  eden space 260096K, 0% used [0x000000076bd00000,0x000000076bd00000,0x000000077bb00000)
  from space 10752K, 97% used [0x000000077bb00000,0x000000077c541cd0,0x000000077c580000)
  to   space 13312K, 0% used [0x000000077fd00000,0x000000077fd00000,0x0000000780a00000)
 ParOldGen       total 98816K, used 7658K [0x00000006c3600000, 0x00000006c9680000, 0x000000076bd00000)
  object space 98816K, 7% used [0x00000006c3600000,0x00000006c3d7a8b8,0x00000006c9680000)
 Metaspace       used 33480K, capacity 35455K, committed 35496K, reserved 1079296K
  class space    used 4416K, capacity 4824K, committed 4864K, reserved 1048576K
Event: 2.976 GC heap after
Heap after GC invocations=7 (full 2):
 PSYoungGen      total 270848K, used 0K [0x000000076bd00000, 0x0000000780a00000, 0x00000007c0000000)
  eden space 260096K, 0% used [0x000000076bd00000,0x000000076bd00000,0x000000077bb00000)
  from space 10752K, 0% used [0x000000077bb00000,0x000000077bb00000,0x000000077c580000)
  to   space 13312K, 0% used [0x000000077fd00000,0x000000077fd00000,0x0000000780a00000)
 ParOldGen       total 157184K, used 15840K [0x00000006c3600000, 0x00000006ccf80000, 0x000000076bd00000)
  object space 157184K, 10% used [0x00000006c3600000,0x00000006c4578320,0x00000006ccf80000)
 Metaspace       used 33480K, capacity 35455K, committed 35496K, reserved 1079296K
  class space    used 4416K, capacity 4824K, committed 4864K, reserved 1048576K
}
Event: 48.895 GC heap before
{Heap before GC invocations=8 (full 2):
 PSYoungGen      total 270848K, used 168024K [0x000000076bd00000, 0x0000000780a00000, 0x00000007c0000000)
  eden space 260096K, 64% used [0x000000076bd00000,0x0000000776116070,0x000000077bb00000)
  from space 10752K, 0% used [0x000000077bb00000,0x000000077bb00000,0x000000077c580000)
  to   space 13312K, 0% used [0x000000077fd00000,0x000000077fd00000,0x0000000780a00000)
 ParOldGen       total 157184K, used 15840K [0x00000006c3600000, 0x00000006ccf80000, 0x000000076bd00000)
  object space 157184K, 10% used [0x00000006c3600000,0x00000006c4578320,0x00000006ccf80000)
 Metaspace       used 45042K, capacity 47781K, committed 48000K, reserved 1091584K
  class space    used 5903K, capacity 6425K, committed 6528K, reserved 1048576K
Event: 48.914 GC heap after
Heap after GC invocations=8 (full 2):
 PSYoungGen      total 324608K, used 13288K [0x000000076bd00000, 0x0000000784f00000, 0x00000007c0000000)
  eden space 311296K, 0% used [0x000000076bd00000,0x000000076bd00000,0x000000077ed00000)
  from space 13312K, 99% used [0x000000077fd00000,0x00000007809fa2b8,0x0000000780a00000)
  to   space 16384K, 0% used [0x000000077ed00000,0x000000077ed00000,0x000000077fd00000)
 ParOldGen       total 157184K, used 18925K [0x00000006c3600000, 0x00000006ccf80000, 0x000000076bd00000)
  object space 157184K, 12% used [0x00000006c3600000,0x00000006c487b778,0x00000006ccf80000)
 Metaspace       used 45042K, capacity 47781K, committed 48000K, reserved 1091584K
  class space    used 5903K, capacity 6425K, committed 6528K, reserved 1048576K
}
Event: 48.914 GC heap before
{Heap before GC invocations=9 (full 3):
 PSYoungGen      total 324608K, used 13288K [0x000000076bd00000, 0x0000000784f00000, 0x00000007c0000000)
  eden space 311296K, 0% used [0x000000076bd00000,0x000000076bd00000,0x000000077ed00000)
  from space 13312K, 99% used [0x000000077fd00000,0x00000007809fa2b8,0x0000000780a00000)
  to   space 16384K, 0% used [0x000000077ed00000,0x000000077ed00000,0x000000077fd00000)
 ParOldGen       total 157184K, used 18925K [0x00000006c3600000, 0x00000006ccf80000, 0x000000076bd00000)
  object space 157184K, 12% used [0x00000006c3600000,0x00000006c487b778,0x00000006ccf80000)
 Metaspace       used 45042K, capacity 47781K, committed 48000K, reserved 1091584K
  class space    used 5903K, capacity 6425K, committed 6528K, reserved 1048576K
Event: 49.061 GC heap after
Heap after GC invocations=9 (full 3):
 PSYoungGen      total 324608K, used 0K [0x000000076bd00000, 0x0000000784f00000, 0x00000007c0000000)
  eden space 311296K, 0% used [0x000000076bd00000,0x000000076bd00000,0x000000077ed00000)
  from space 13312K, 0% used [0x000000077fd00000,0x000000077fd00000,0x0000000780a00000)
  to   space 16384K, 0% used [0x000000077ed00000,0x000000077ed00000,0x000000077fd00000)
 ParOldGen       total 157184K, used 26638K [0x00000006c3600000, 0x00000006ccf80000, 0x000000076bd00000)
  object space 157184K, 16% used [0x00000006c3600000,0x00000006c5003b68,0x00000006ccf80000)
 Metaspace       used 45039K, capacity 47769K, committed 48000K, reserved 1091584K
  class space    used 5902K, capacity 6423K, committed 6528K, reserved 1048576K
}
Event: 351.156 GC heap before
{Heap before GC invocations=10 (full 3):
 PSYoungGen      total 324608K, used 212903K [0x000000076bd00000, 0x0000000784f00000, 0x00000007c0000000)
  eden space 311296K, 68% used [0x000000076bd00000,0x0000000778ce9c50,0x000000077ed00000)
  from space 13312K, 0% used [0x000000077fd00000,0x000000077fd00000,0x0000000780a00000)
  to   space 16384K, 0% used [0x000000077ed00000,0x000000077ed00000,0x000000077fd00000)
 ParOldGen       total 157184K, used 26638K [0x00000006c3600000, 0x00000006ccf80000, 0x000000076bd00000)
  object space 157184K, 16% used [0x00000006c3600000,0x00000006c5003b68,0x00000006ccf80000)
 Metaspace       used 45954K, capacity 49093K, committed 49152K, reserved 1091584K
  class space    used 6019K, capacity 6600K, committed 6656K, reserved 1048576K
Event: 351.164 GC heap after
Heap after GC invocations=10 (full 3):
 PSYoungGen      total 327680K, used 5889K [0x000000076bd00000, 0x0000000785000000, 0x00000007c0000000)
  eden space 311296K, 0% used [0x000000076bd00000,0x000000076bd00000,0x000000077ed00000)
  from space 16384K, 35% used [0x000000077ed00000,0x000000077f2c07e0,0x000000077fd00000)
  to   space 16896K, 0% used [0x0000000783f80000,0x0000000783f80000,0x0000000785000000)
 ParOldGen       total 157184K, used 26646K [0x00000006c3600000, 0x00000006ccf80000, 0x000000076bd00000)
  object space 157184K, 16% used [0x00000006c3600000,0x00000006c5005b68,0x00000006ccf80000)
 Metaspace       used 45954K, capacity 49093K, committed 49152K, reserved 1091584K
  class space    used 6019K, capacity 6600K, committed 6656K, reserved 1048576K
}
Event: 351.164 GC heap before
{Heap before GC invocations=11 (full 4):
 PSYoungGen      total 327680K, used 5889K [0x000000076bd00000, 0x0000000785000000, 0x00000007c0000000)
  eden space 311296K, 0% used [0x000000076bd00000,0x000000076bd00000,0x000000077ed00000)
  from space 16384K, 35% used [0x000000077ed00000,0x000000077f2c07e0,0x000000077fd00000)
  to   space 16896K, 0% used [0x0000000783f80000,0x0000000783f80000,0x0000000785000000)
 ParOldGen       total 157184K, used 26646K [0x00000006c3600000, 0x00000006ccf80000, 0x000000076bd00000)
  object space 157184K, 16% used [0x00000006c3600000,0x00000006c5005b68,0x00000006ccf80000)
 Metaspace       used 45954K, capacity 49093K, committed 49152K, reserved 1091584K
  class space    used 6019K, capacity 6600K, committed 6656K, reserved 1048576K
Event: 351.311 GC heap after
Heap after GC invocations=11 (full 4):
 PSYoungGen      total 327680K, used 0K [0x000000076bd00000, 0x0000000785000000, 0x00000007c0000000)
  eden space 311296K, 0% used [0x000000076bd00000,0x000000076bd00000,0x000000077ed00000)
  from space 16384K, 0% used [0x000000077ed00000,0x000000077ed00000,0x000000077fd00000)
  to   space 16896K, 0% used [0x0000000783f80000,0x0000000783f80000,0x0000000785000000)
 ParOldGen       total 157184K, used 20295K [0x00000006c3600000, 0x00000006ccf80000, 0x000000076bd00000)
  object space 157184K, 12% used [0x00000006c3600000,0x00000006c49d1c30,0x00000006ccf80000)
 Metaspace       used 45954K, capacity 49093K, committed 49152K, reserved 1091584K
  class space    used 6019K, capacity 6600K, committed 6656K, reserved 1048576K
}

