# JRE version: Java(TM) SE Runtime Environment (8.0_241-b07) (build 1.8.0_241-b07)
# Java VM: Java HotSpot(TM) 64-Bit Server VM (25.241-b07 mixed mode windows-amd64 compressed oops)
Heap:
 PSYoungGen      total 254976K, used 73600K [0x00000000d5d00000, 0x00000000e6480000, 0x0000000100000000)
  eden space 243200K, 30% used [0x00000000d5d00000,0x00000000da4e0078,0x00000000e4a80000)
  from space 11776K, 0% used [0x00000000e5600000,0x00000000e5600000,0x00000000e6180000)
  to   space 11776K, 0% used [0x00000000e4a80000,0x00000000e4a80000,0x00000000e5600000)
 ParOldGen       total 60928K, used 13728K [0x0000000081600000, 0x0000000085180000, 0x00000000d5d00000)
  object space 60928K, 22% used [0x0000000081600000,0x0000000082368218,0x0000000085180000)
 Metaspace       used 37259K, capacity 39724K, committed 39808K, reserved 1083392K
  class space    used 5025K, capacity 5489K, committed 5504K, reserved 1048576K
GC Heap History (10 events):
Event: 3.595 GC heap before
{Heap before GC invocations=6 (full 1):
 PSYoungGen      total 71680K, used 5117K [0x00000000d5d00000, 0x00000000df200000, 0x0000000100000000)
  eden space 66560K, 0% used [0x00000000d5d00000,0x00000000d5d00000,0x00000000d9e00000)
  from space 5120K, 99% used [0x00000000d9e00000,0x00000000da2ff6d8,0x00000000da300000)
  to   space 9728K, 0% used [0x00000000de880000,0x00000000de880000,0x00000000df200000)
 ParOldGen       total 87552K, used 7384K [0x0000000081600000, 0x0000000086b80000, 0x00000000d5d00000)
  object space 87552K, 8% used [0x0000000081600000,0x0000000081d36140,0x0000000086b80000)
 Metaspace       used 20199K, capacity 21228K, committed 21296K, reserved 1067008K
  class space    used 2682K, capacity 2925K, committed 2944K, reserved 1048576K
Event: 3.629 GC heap after
Heap after GC invocations=6 (full 1):
 PSYoungGen      total 71680K, used 0K [0x00000000d5d00000, 0x00000000df200000, 0x0000000100000000)
  eden space 66560K, 0% used [0x00000000d5d00000,0x00000000d5d00000,0x00000000d9e00000)
  from space 5120K, 0% used [0x00000000d9e00000,0x00000000d9e00000,0x00000000da300000)
  to   space 9728K, 0% used [0x00000000de880000,0x00000000de880000,0x00000000df200000)
 ParOldGen       total 47104K, used 6329K [0x0000000081600000, 0x0000000084400000, 0x00000000d5d00000)
  object space 47104K, 13% used [0x0000000081600000,0x0000000081c2e6f8,0x0000000084400000)
 Metaspace       used 20199K, capacity 21228K, committed 21296K, reserved 1067008K
  class space    used 2682K, capacity 2925K, committed 2944K, reserved 1048576K
}
Event: 4.353 GC heap before
{Heap before GC invocations=7 (full 1):
 PSYoungGen      total 71680K, used 66560K [0x00000000d5d00000, 0x00000000df200000, 0x0000000100000000)
  eden space 66560K, 100% used [0x00000000d5d00000,0x00000000d9e00000,0x00000000d9e00000)
  from space 5120K, 0% used [0x00000000d9e00000,0x00000000d9e00000,0x00000000da300000)
  to   space 9728K, 0% used [0x00000000de880000,0x00000000de880000,0x00000000df200000)
 ParOldGen       total 47104K, used 6329K [0x0000000081600000, 0x0000000084400000, 0x00000000d5d00000)
  object space 47104K, 13% used [0x0000000081600000,0x0000000081c2e6f8,0x0000000084400000)
 Metaspace       used 23234K, capacity 24584K, committed 24704K, reserved 1071104K
  class space    used 3135K, capacity 3438K, committed 3456K, reserved 1048576K
Event: 4.360 GC heap after
Heap after GC invocations=7 (full 1):
 PSYoungGen      total 134144K, used 5814K [0x00000000d5d00000, 0x00000000dee80000, 0x0000000100000000)
  eden space 128000K, 0% used [0x00000000d5d00000,0x00000000d5d00000,0x00000000dda00000)
  from space 6144K, 94% used [0x00000000de880000,0x00000000dee2d898,0x00000000dee80000)
  to   space 9728K, 0% used [0x00000000ddb80000,0x00000000ddb80000,0x00000000de500000)
 ParOldGen       total 47104K, used 6337K [0x0000000081600000, 0x0000000084400000, 0x00000000d5d00000)
  object space 47104K, 13% used [0x0000000081600000,0x0000000081c306f8,0x0000000084400000)
 Metaspace       used 23234K, capacity 24584K, committed 24704K, reserved 1071104K
  class space    used 3135K, capacity 3438K, committed 3456K, reserved 1048576K
}
Event: 5.571 GC heap before
{Heap before GC invocations=8 (full 1):
 PSYoungGen      total 134144K, used 133814K [0x00000000d5d00000, 0x00000000dee80000, 0x0000000100000000)
  eden space 128000K, 100% used [0x00000000d5d00000,0x00000000dda00000,0x00000000dda00000)
  from space 6144K, 94% used [0x00000000de880000,0x00000000dee2d898,0x00000000dee80000)
  to   space 9728K, 0% used [0x00000000ddb80000,0x00000000ddb80000,0x00000000de500000)
 ParOldGen       total 47104K, used 6337K [0x0000000081600000, 0x0000000084400000, 0x00000000d5d00000)
  object space 47104K, 13% used [0x0000000081600000,0x0000000081c306f8,0x0000000084400000)
 Metaspace       used 32826K, capacity 34788K, committed 35072K, reserved 1079296K
  class space    used 4353K, capacity 4738K, committed 4864K, reserved 1048576K
Event: 5.583 GC heap after
Heap after GC invocations=8 (full 1):
 PSYoungGen      total 139264K, used 9698K [0x00000000d5d00000, 0x00000000e6180000, 0x0000000100000000)
  eden space 129536K, 0% used [0x00000000d5d00000,0x00000000d5d00000,0x00000000ddb80000)
  from space 9728K, 99% used [0x00000000ddb80000,0x00000000de4f8898,0x00000000de500000)
  to   space 11776K, 0% used [0x00000000e5600000,0x00000000e5600000,0x00000000e6180000)
 ParOldGen       total 47104K, used 8406K [0x0000000081600000, 0x0000000084400000, 0x00000000d5d00000)
  object space 47104K, 17% used [0x0000000081600000,0x0000000081e35b30,0x0000000084400000)
 Metaspace       used 32826K, capacity 34788K, committed 35072K, reserved 1079296K
  class space    used 4353K, capacity 4738K, committed 4864K, reserved 1048576K
}
Event: 5.675 GC heap before
{Heap before GC invocations=9 (full 1):
 PSYoungGen      total 139264K, used 25761K [0x00000000d5d00000, 0x00000000e6180000, 0x0000000100000000)
  eden space 129536K, 12% used [0x00000000d5d00000,0x00000000d6caff28,0x00000000ddb80000)
  from space 9728K, 99% used [0x00000000ddb80000,0x00000000de4f8898,0x00000000de500000)
  to   space 11776K, 0% used [0x00000000e5600000,0x00000000e5600000,0x00000000e6180000)
 ParOldGen       total 47104K, used 8406K [0x0000000081600000, 0x0000000084400000, 0x00000000d5d00000)
  object space 47104K, 17% used [0x0000000081600000,0x0000000081e35b30,0x0000000084400000)
 Metaspace       used 33409K, capacity 35390K, committed 35496K, reserved 1079296K
  class space    used 4434K, capacity 4821K, committed 4864K, reserved 1048576K
Event: 5.683 GC heap after
Heap after GC invocations=9 (full 1):
 PSYoungGen      total 254976K, used 8211K [0x00000000d5d00000, 0x00000000e6480000, 0x0000000100000000)
  eden space 243200K, 0% used [0x00000000d5d00000,0x00000000d5d00000,0x00000000e4a80000)
  from space 11776K, 69% used [0x00000000e5600000,0x00000000e5e04e80,0x00000000e6180000)
  to   space 11776K, 0% used [0x00000000e4a80000,0x00000000e4a80000,0x00000000e5600000)
 ParOldGen       total 47104K, used 8406K [0x0000000081600000, 0x0000000084400000, 0x00000000d5d00000)
  object space 47104K, 17% used [0x0000000081600000,0x0000000081e35b30,0x0000000084400000)
 Metaspace       used 33409K, capacity 35390K, committed 35496K, reserved 1079296K
  class space    used 4434K, capacity 4821K, committed 4864K, reserved 1048576K
}
Event: 5.683 GC heap before
{Heap before GC invocations=10 (full 2):
 PSYoungGen      total 254976K, used 8211K [0x00000000d5d00000, 0x00000000e6480000, 0x0000000100000000)
  eden space 243200K, 0% used [0x00000000d5d00000,0x00000000d5d00000,0x00000000e4a80000)
  from space 11776K, 69% used [0x00000000e5600000,0x00000000e5e04e80,0x00000000e6180000)
  to   space 11776K, 0% used [0x00000000e4a80000,0x00000000e4a80000,0x00000000e5600000)
 ParOldGen       total 47104K, used 8406K [0x0000000081600000, 0x0000000084400000, 0x00000000d5d00000)
  object space 47104K, 17% used [0x0000000081600000,0x0000000081e35b30,0x0000000084400000)
 Metaspace       used 33409K, capacity 35390K, committed 35496K, reserved 1079296K
  class space    used 4434K, capacity 4821K, committed 4864K, reserved 1048576K
Event: 5.745 GC heap after
Heap after GC invocations=10 (full 2):
 PSYoungGen      total 254976K, used 0K [0x00000000d5d00000, 0x00000000e6480000, 0x0000000100000000)
  eden space 243200K, 0% used [0x00000000d5d00000,0x00000000d5d00000,0x00000000e4a80000)
  from space 11776K, 0% used [0x00000000e5600000,0x00000000e5600000,0x00000000e6180000)
  to   space 11776K, 0% used [0x00000000e4a80000,0x00000000e4a80000,0x00000000e5600000)
 ParOldGen       total 60928K, used 13728K [0x0000000081600000, 0x0000000085180000, 0x00000000d5d00000)
  object space 60928K, 22% used [0x0000000081600000,0x0000000082368218,0x0000000085180000)
 Metaspace       used 33409K, capacity 35390K, committed 35496K, reserved 1079296K
  class space    used 4434K, capacity 4821K, committed 4864K, reserved 1048576K
}

