# JRE version: Java(TM) SE Runtime Environment (8.0_241-b07) (build 1.8.0_241-b07)
# Java VM: Java HotSpot(TM) 64-Bit Server VM (25.241-b07 mixed mode windows-amd64 compressed oops)
Heap:
 PSYoungGen      total 235008K, used 66401K [0x00000000d5d00000, 0x00000000e5a80000, 0x0000000100000000)
  eden space 223232K, 29% used [0x00000000d5d00000,0x00000000d9dd8698,0x00000000e3700000)
  from space 11776K, 0% used [0x00000000e4280000,0x00000000e4280000,0x00000000e4e00000)
  to   space 11776K, 0% used [0x00000000e3700000,0x00000000e3700000,0x00000000e4280000)
 ParOldGen       total 67072K, used 13904K [0x0000000081600000, 0x0000000085780000, 0x00000000d5d00000)
  object space 67072K, 20% used [0x0000000081600000,0x00000000823941e8,0x0000000085780000)
 Metaspace       used 37276K, capacity 39728K, committed 39808K, reserved 1083392K
  class space    used 5024K, capacity 5489K, committed 5504K, reserved 1048576K
GC Heap History (10 events):
Event: 3.600 GC heap before
{Heap before GC invocations=6 (full 1):
 PSYoungGen      total 71680K, used 5101K [0x00000000d5d00000, 0x00000000df200000, 0x0000000100000000)
  eden space 66560K, 0% used [0x00000000d5d00000,0x00000000d5d00000,0x00000000d9e00000)
  from space 5120K, 99% used [0x00000000d9e00000,0x00000000da2fb6e8,0x00000000da300000)
  to   space 9728K, 0% used [0x00000000de880000,0x00000000de880000,0x00000000df200000)
 ParOldGen       total 87552K, used 7461K [0x0000000081600000, 0x0000000086b80000, 0x00000000d5d00000)
  object space 87552K, 8% used [0x0000000081600000,0x0000000081d49500,0x0000000086b80000)
 Metaspace       used 20218K, capacity 21232K, committed 21296K, reserved 1067008K
  class space    used 2683K, capacity 2925K, committed 2944K, reserved 1048576K
Event: 3.637 GC heap after
Heap after GC invocations=6 (full 1):
 PSYoungGen      total 71680K, used 0K [0x00000000d5d00000, 0x00000000df200000, 0x0000000100000000)
  eden space 66560K, 0% used [0x00000000d5d00000,0x00000000d5d00000,0x00000000d9e00000)
  from space 5120K, 0% used [0x00000000d9e00000,0x00000000d9e00000,0x00000000da300000)
  to   space 9728K, 0% used [0x00000000de880000,0x00000000de880000,0x00000000df200000)
 ParOldGen       total 49152K, used 6383K [0x0000000081600000, 0x0000000084600000, 0x00000000d5d00000)
  object space 49152K, 12% used [0x0000000081600000,0x0000000081c3bdc0,0x0000000084600000)
 Metaspace       used 20218K, capacity 21232K, committed 21296K, reserved 1067008K
  class space    used 2683K, capacity 2925K, committed 2944K, reserved 1048576K
}
Event: 4.363 GC heap before
{Heap before GC invocations=7 (full 1):
 PSYoungGen      total 71680K, used 66560K [0x00000000d5d00000, 0x00000000df200000, 0x0000000100000000)
  eden space 66560K, 100% used [0x00000000d5d00000,0x00000000d9e00000,0x00000000d9e00000)
  from space 5120K, 0% used [0x00000000d9e00000,0x00000000d9e00000,0x00000000da300000)
  to   space 9728K, 0% used [0x00000000de880000,0x00000000de880000,0x00000000df200000)
 ParOldGen       total 49152K, used 6383K [0x0000000081600000, 0x0000000084600000, 0x00000000d5d00000)
  object space 49152K, 12% used [0x0000000081600000,0x0000000081c3bdc0,0x0000000084600000)
 Metaspace       used 23278K, capacity 24658K, committed 24704K, reserved 1071104K
  class space    used 3138K, capacity 3439K, committed 3456K, reserved 1048576K
Event: 4.370 GC heap after
Heap after GC invocations=7 (full 1):
 PSYoungGen      total 129024K, used 5841K [0x00000000d5d00000, 0x00000000dee80000, 0x0000000100000000)
  eden space 122880K, 0% used [0x00000000d5d00000,0x00000000d5d00000,0x00000000dd500000)
  from space 6144K, 95% used [0x00000000de880000,0x00000000dee345c0,0x00000000dee80000)
  to   space 9728K, 0% used [0x00000000ddb80000,0x00000000ddb80000,0x00000000de500000)
 ParOldGen       total 49152K, used 6391K [0x0000000081600000, 0x0000000084600000, 0x00000000d5d00000)
  object space 49152K, 13% used [0x0000000081600000,0x0000000081c3ddc0,0x0000000084600000)
 Metaspace       used 23278K, capacity 24658K, committed 24704K, reserved 1071104K
  class space    used 3138K, capacity 3439K, committed 3456K, reserved 1048576K
}
Event: 5.517 GC heap before
{Heap before GC invocations=8 (full 1):
 PSYoungGen      total 129024K, used 128721K [0x00000000d5d00000, 0x00000000dee80000, 0x0000000100000000)
  eden space 122880K, 100% used [0x00000000d5d00000,0x00000000dd500000,0x00000000dd500000)
  from space 6144K, 95% used [0x00000000de880000,0x00000000dee345c0,0x00000000dee80000)
  to   space 9728K, 0% used [0x00000000ddb80000,0x00000000ddb80000,0x00000000de500000)
 ParOldGen       total 49152K, used 6391K [0x0000000081600000, 0x0000000084600000, 0x00000000d5d00000)
  object space 49152K, 13% used [0x0000000081600000,0x0000000081c3ddc0,0x0000000084600000)
 Metaspace       used 32591K, capacity 34556K, committed 34688K, reserved 1079296K
  class space    used 4317K, capacity 4688K, committed 4736K, reserved 1048576K
Event: 5.530 GC heap after
Heap after GC invocations=8 (full 1):
 PSYoungGen      total 139264K, used 9725K [0x00000000d5d00000, 0x00000000e4e00000, 0x0000000100000000)
  eden space 129536K, 0% used [0x00000000d5d00000,0x00000000d5d00000,0x00000000ddb80000)
  from space 9728K, 99% used [0x00000000ddb80000,0x00000000de4ff7f0,0x00000000de500000)
  to   space 11776K, 0% used [0x00000000e4280000,0x00000000e4280000,0x00000000e4e00000)
 ParOldGen       total 49152K, used 8096K [0x0000000081600000, 0x0000000084600000, 0x00000000d5d00000)
  object space 49152K, 16% used [0x0000000081600000,0x0000000081de8350,0x0000000084600000)
 Metaspace       used 32591K, capacity 34556K, committed 34688K, reserved 1079296K
  class space    used 4317K, capacity 4688K, committed 4736K, reserved 1048576K
}
Event: 5.694 GC heap before
{Heap before GC invocations=9 (full 1):
 PSYoungGen      total 139264K, used 30810K [0x00000000d5d00000, 0x00000000e4e00000, 0x0000000100000000)
  eden space 129536K, 16% used [0x00000000d5d00000,0x00000000d7197228,0x00000000ddb80000)
  from space 9728K, 99% used [0x00000000ddb80000,0x00000000de4ff7f0,0x00000000de500000)
  to   space 11776K, 0% used [0x00000000e4280000,0x00000000e4280000,0x00000000e4e00000)
 ParOldGen       total 49152K, used 8096K [0x0000000081600000, 0x0000000084600000, 0x00000000d5d00000)
  object space 49152K, 16% used [0x0000000081600000,0x0000000081de8350,0x0000000084600000)
 Metaspace       used 33426K, capacity 35394K, committed 35496K, reserved 1079296K
  class space    used 4434K, capacity 4821K, committed 4864K, reserved 1048576K
Event: 5.703 GC heap after
Heap after GC invocations=9 (full 1):
 PSYoungGen      total 235008K, used 8339K [0x00000000d5d00000, 0x00000000e5a80000, 0x0000000100000000)
  eden space 223232K, 0% used [0x00000000d5d00000,0x00000000d5d00000,0x00000000e3700000)
  from space 11776K, 70% used [0x00000000e4280000,0x00000000e4aa4f50,0x00000000e4e00000)
  to   space 11776K, 0% used [0x00000000e3700000,0x00000000e3700000,0x00000000e4280000)
 ParOldGen       total 49152K, used 8104K [0x0000000081600000, 0x0000000084600000, 0x00000000d5d00000)
  object space 49152K, 16% used [0x0000000081600000,0x0000000081dea350,0x0000000084600000)
 Metaspace       used 33426K, capacity 35394K, committed 35496K, reserved 1079296K
  class space    used 4434K, capacity 4821K, committed 4864K, reserved 1048576K
}
Event: 5.703 GC heap before
{Heap before GC invocations=10 (full 2):
 PSYoungGen      total 235008K, used 8339K [0x00000000d5d00000, 0x00000000e5a80000, 0x0000000100000000)
  eden space 223232K, 0% used [0x00000000d5d00000,0x00000000d5d00000,0x00000000e3700000)
  from space 11776K, 70% used [0x00000000e4280000,0x00000000e4aa4f50,0x00000000e4e00000)
  to   space 11776K, 0% used [0x00000000e3700000,0x00000000e3700000,0x00000000e4280000)
 ParOldGen       total 49152K, used 8104K [0x0000000081600000, 0x0000000084600000, 0x00000000d5d00000)
  object space 49152K, 16% used [0x0000000081600000,0x0000000081dea350,0x0000000084600000)
 Metaspace       used 33426K, capacity 35394K, committed 35496K, reserved 1079296K
  class space    used 4434K, capacity 4821K, committed 4864K, reserved 1048576K
Event: 5.757 GC heap after
Heap after GC invocations=10 (full 2):
 PSYoungGen      total 235008K, used 0K [0x00000000d5d00000, 0x00000000e5a80000, 0x0000000100000000)
  eden space 223232K, 0% used [0x00000000d5d00000,0x00000000d5d00000,0x00000000e3700000)
  from space 11776K, 0% used [0x00000000e4280000,0x00000000e4280000,0x00000000e4e00000)
  to   space 11776K, 0% used [0x00000000e3700000,0x00000000e3700000,0x00000000e4280000)
 ParOldGen       total 67072K, used 13904K [0x0000000081600000, 0x0000000085780000, 0x00000000d5d00000)
  object space 67072K, 20% used [0x0000000081600000,0x00000000823941e8,0x0000000085780000)
 Metaspace       used 33426K, capacity 35394K, committed 35496K, reserved 1079296K
  class space    used 4434K, capacity 4821K, committed 4864K, reserved 1048576K
}

