# JRE version: Java(TM) SE Runtime Environment (8.0_241-b07) (build 1.8.0_241-b07)
# Java VM: Java HotSpot(TM) 64-Bit Server VM (25.241-b07 mixed mode windows-amd64 compressed oops)
Heap:
 PSYoungGen      total 246784K, used 69246K [0x00000000d5d00000, 0x00000000e6100000, 0x0000000100000000)
  eden space 235008K, 29% used [0x00000000d5d00000,0x00000000da09f950,0x00000000e4280000)
  from space 11776K, 0% used [0x00000000e4e00000,0x00000000e4e00000,0x00000000e5980000)
  to   space 11776K, 0% used [0x00000000e4280000,0x00000000e4280000,0x00000000e4e00000)
 ParOldGen       total 62976K, used 13679K [0x0000000081600000, 0x0000000085380000, 0x00000000d5d00000)
  object space 62976K, 21% used [0x0000000081600000,0x000000008235bc90,0x0000000085380000)
 Metaspace       used 37282K, capacity 39728K, committed 39808K, reserved 1083392K
  class space    used 5025K, capacity 5489K, committed 5504K, reserved 1048576K
GC Heap History (10 events):
Event: 4.010 GC heap before
{Heap before GC invocations=6 (full 1):
 PSYoungGen      total 71680K, used 5101K [0x00000000d5d00000, 0x00000000df200000, 0x0000000100000000)
  eden space 66560K, 0% used [0x00000000d5d00000,0x00000000d5d00000,0x00000000d9e00000)
  from space 5120K, 99% used [0x00000000d9e00000,0x00000000da2fb6e8,0x00000000da300000)
  to   space 9728K, 0% used [0x00000000de880000,0x00000000de880000,0x00000000df200000)
 ParOldGen       total 87552K, used 7312K [0x0000000081600000, 0x0000000086b80000, 0x00000000d5d00000)
  object space 87552K, 8% used [0x0000000081600000,0x0000000081d24370,0x0000000086b80000)
 Metaspace       used 20222K, capacity 21232K, committed 21296K, reserved 1067008K
  class space    used 2681K, capacity 2925K, committed 2944K, reserved 1048576K
Event: 4.045 GC heap after
Heap after GC invocations=6 (full 1):
 PSYoungGen      total 71680K, used 0K [0x00000000d5d00000, 0x00000000df200000, 0x0000000100000000)
  eden space 66560K, 0% used [0x00000000d5d00000,0x00000000d5d00000,0x00000000d9e00000)
  from space 5120K, 0% used [0x00000000d9e00000,0x00000000d9e00000,0x00000000da300000)
  to   space 9728K, 0% used [0x00000000de880000,0x00000000de880000,0x00000000df200000)
 ParOldGen       total 47104K, used 6375K [0x0000000081600000, 0x0000000084400000, 0x00000000d5d00000)
  object space 47104K, 13% used [0x0000000081600000,0x0000000081c39e98,0x0000000084400000)
 Metaspace       used 20222K, capacity 21232K, committed 21296K, reserved 1067008K
  class space    used 2681K, capacity 2925K, committed 2944K, reserved 1048576K
}
Event: 4.686 GC heap before
{Heap before GC invocations=7 (full 1):
 PSYoungGen      total 71680K, used 66560K [0x00000000d5d00000, 0x00000000df200000, 0x0000000100000000)
  eden space 66560K, 100% used [0x00000000d5d00000,0x00000000d9e00000,0x00000000d9e00000)
  from space 5120K, 0% used [0x00000000d9e00000,0x00000000d9e00000,0x00000000da300000)
  to   space 9728K, 0% used [0x00000000de880000,0x00000000de880000,0x00000000df200000)
 ParOldGen       total 47104K, used 6375K [0x0000000081600000, 0x0000000084400000, 0x00000000d5d00000)
  object space 47104K, 13% used [0x0000000081600000,0x0000000081c39e98,0x0000000084400000)
 Metaspace       used 23300K, capacity 24658K, committed 24704K, reserved 1071104K
  class space    used 3140K, capacity 3439K, committed 3456K, reserved 1048576K
Event: 4.693 GC heap after
Heap after GC invocations=7 (full 1):
 PSYoungGen      total 132096K, used 5855K [0x00000000d5d00000, 0x00000000dee80000, 0x0000000100000000)
  eden space 125952K, 0% used [0x00000000d5d00000,0x00000000d5d00000,0x00000000dd800000)
  from space 6144K, 95% used [0x00000000de880000,0x00000000dee37cd8,0x00000000dee80000)
  to   space 9728K, 0% used [0x00000000ddb80000,0x00000000ddb80000,0x00000000de500000)
 ParOldGen       total 47104K, used 6383K [0x0000000081600000, 0x0000000084400000, 0x00000000d5d00000)
  object space 47104K, 13% used [0x0000000081600000,0x0000000081c3be98,0x0000000084400000)
 Metaspace       used 23300K, capacity 24658K, committed 24704K, reserved 1071104K
  class space    used 3140K, capacity 3439K, committed 3456K, reserved 1048576K
}
Event: 5.823 GC heap before
{Heap before GC invocations=8 (full 1):
 PSYoungGen      total 132096K, used 131807K [0x00000000d5d00000, 0x00000000dee80000, 0x0000000100000000)
  eden space 125952K, 100% used [0x00000000d5d00000,0x00000000dd800000,0x00000000dd800000)
  from space 6144K, 95% used [0x00000000de880000,0x00000000dee37cd8,0x00000000dee80000)
  to   space 9728K, 0% used [0x00000000ddb80000,0x00000000ddb80000,0x00000000de500000)
 ParOldGen       total 47104K, used 6383K [0x0000000081600000, 0x0000000084400000, 0x00000000d5d00000)
  object space 47104K, 13% used [0x0000000081600000,0x0000000081c3be98,0x0000000084400000)
 Metaspace       used 32751K, capacity 34674K, committed 34944K, reserved 1079296K
  class space    used 4337K, capacity 4697K, committed 4736K, reserved 1048576K
Event: 5.836 GC heap after
Heap after GC invocations=8 (full 1):
 PSYoungGen      total 139264K, used 9720K [0x00000000d5d00000, 0x00000000e5980000, 0x0000000100000000)
  eden space 129536K, 0% used [0x00000000d5d00000,0x00000000d5d00000,0x00000000ddb80000)
  from space 9728K, 99% used [0x00000000ddb80000,0x00000000de4fe070,0x00000000de500000)
  to   space 11776K, 0% used [0x00000000e4e00000,0x00000000e4e00000,0x00000000e5980000)
 ParOldGen       total 47104K, used 8333K [0x0000000081600000, 0x0000000084400000, 0x00000000d5d00000)
  object space 47104K, 17% used [0x0000000081600000,0x0000000081e23768,0x0000000084400000)
 Metaspace       used 32751K, capacity 34674K, committed 34944K, reserved 1079296K
  class space    used 4337K, capacity 4697K, committed 4736K, reserved 1048576K
}
Event: 5.956 GC heap before
{Heap before GC invocations=9 (full 1):
 PSYoungGen      total 139264K, used 25698K [0x00000000d5d00000, 0x00000000e5980000, 0x0000000100000000)
  eden space 129536K, 12% used [0x00000000d5d00000,0x00000000d6c9a8f8,0x00000000ddb80000)
  from space 9728K, 99% used [0x00000000ddb80000,0x00000000de4fe070,0x00000000de500000)
  to   space 11776K, 0% used [0x00000000e4e00000,0x00000000e4e00000,0x00000000e5980000)
 ParOldGen       total 47104K, used 8333K [0x0000000081600000, 0x0000000084400000, 0x00000000d5d00000)
  object space 47104K, 17% used [0x0000000081600000,0x0000000081e23768,0x0000000084400000)
 Metaspace       used 33426K, capacity 35394K, committed 35496K, reserved 1079296K
  class space    used 4431K, capacity 4821K, committed 4864K, reserved 1048576K
Event: 5.966 GC heap after
Heap after GC invocations=9 (full 1):
 PSYoungGen      total 246784K, used 8099K [0x00000000d5d00000, 0x00000000e6100000, 0x0000000100000000)
  eden space 235008K, 0% used [0x00000000d5d00000,0x00000000d5d00000,0x00000000e4280000)
  from space 11776K, 68% used [0x00000000e4e00000,0x00000000e55e8f60,0x00000000e5980000)
  to   space 11776K, 0% used [0x00000000e4280000,0x00000000e4280000,0x00000000e4e00000)
 ParOldGen       total 47104K, used 8341K [0x0000000081600000, 0x0000000084400000, 0x00000000d5d00000)
  object space 47104K, 17% used [0x0000000081600000,0x0000000081e25768,0x0000000084400000)
 Metaspace       used 33426K, capacity 35394K, committed 35496K, reserved 1079296K
  class space    used 4431K, capacity 4821K, committed 4864K, reserved 1048576K
}
Event: 5.966 GC heap before
{Heap before GC invocations=10 (full 2):
 PSYoungGen      total 246784K, used 8099K [0x00000000d5d00000, 0x00000000e6100000, 0x0000000100000000)
  eden space 235008K, 0% used [0x00000000d5d00000,0x00000000d5d00000,0x00000000e4280000)
  from space 11776K, 68% used [0x00000000e4e00000,0x00000000e55e8f60,0x00000000e5980000)
  to   space 11776K, 0% used [0x00000000e4280000,0x00000000e4280000,0x00000000e4e00000)
 ParOldGen       total 47104K, used 8341K [0x0000000081600000, 0x0000000084400000, 0x00000000d5d00000)
  object space 47104K, 17% used [0x0000000081600000,0x0000000081e25768,0x0000000084400000)
 Metaspace       used 33426K, capacity 35394K, committed 35496K, reserved 1079296K
  class space    used 4431K, capacity 4821K, committed 4864K, reserved 1048576K
Event: 6.024 GC heap after
Heap after GC invocations=10 (full 2):
 PSYoungGen      total 246784K, used 0K [0x00000000d5d00000, 0x00000000e6100000, 0x0000000100000000)
  eden space 235008K, 0% used [0x00000000d5d00000,0x00000000d5d00000,0x00000000e4280000)
  from space 11776K, 0% used [0x00000000e4e00000,0x00000000e4e00000,0x00000000e5980000)
  to   space 11776K, 0% used [0x00000000e4280000,0x00000000e4280000,0x00000000e4e00000)
 ParOldGen       total 62976K, used 13679K [0x0000000081600000, 0x0000000085380000, 0x00000000d5d00000)
  object space 62976K, 21% used [0x0000000081600000,0x000000008235bc90,0x0000000085380000)
 Metaspace       used 33426K, capacity 35394K, committed 35496K, reserved 1079296K
  class space    used 4431K, capacity 4821K, committed 4864K, reserved 1048576K
}

