# JRE version: Java(TM) SE Runtime Environment (8.0_241-b07) (build 1.8.0_241-b07)
# Java VM: Java HotSpot(TM) 64-Bit Server VM (25.241-b07 mixed mode windows-amd64 compressed oops)
Heap:
 PSYoungGen      total 255488K, used 76705K [0x00000000d5d00000, 0x00000000e6580000, 0x0000000100000000)
  eden space 243712K, 31% used [0x00000000d5d00000,0x00000000da7e8720,0x00000000e4b00000)
  from space 11776K, 0% used [0x00000000e5680000,0x00000000e5680000,0x00000000e6200000)
  to   space 11776K, 0% used [0x00000000e4b00000,0x00000000e4b00000,0x00000000e5680000)
 ParOldGen       total 61952K, used 13781K [0x0000000081600000, 0x0000000085280000, 0x00000000d5d00000)
  object space 61952K, 22% used [0x0000000081600000,0x00000000823754b0,0x0000000085280000)
 Metaspace       used 37259K, capacity 39724K, committed 39808K, reserved 1083392K
  class space    used 5026K, capacity 5489K, committed 5504K, reserved 1048576K
GC Heap History (10 events):
Event: 4.334 GC heap before
{Heap before GC invocations=6 (full 1):
 PSYoungGen      total 71680K, used 5096K [0x00000000d5d00000, 0x00000000df200000, 0x0000000100000000)
  eden space 66560K, 0% used [0x00000000d5d00000,0x00000000d5d00000,0x00000000d9e00000)
  from space 5120K, 99% used [0x00000000d9e00000,0x00000000da2fa020,0x00000000da300000)
  to   space 9728K, 0% used [0x00000000de880000,0x00000000de880000,0x00000000df200000)
 ParOldGen       total 87552K, used 7548K [0x0000000081600000, 0x0000000086b80000, 0x00000000d5d00000)
  object space 87552K, 8% used [0x0000000081600000,0x0000000081d5f0f0,0x0000000086b80000)
 Metaspace       used 20201K, capacity 21228K, committed 21296K, reserved 1067008K
  class space    used 2682K, capacity 2925K, committed 2944K, reserved 1048576K
Event: 4.368 GC heap after
Heap after GC invocations=6 (full 1):
 PSYoungGen      total 71680K, used 0K [0x00000000d5d00000, 0x00000000df200000, 0x0000000100000000)
  eden space 66560K, 0% used [0x00000000d5d00000,0x00000000d5d00000,0x00000000d9e00000)
  from space 5120K, 0% used [0x00000000d9e00000,0x00000000d9e00000,0x00000000da300000)
  to   space 9728K, 0% used [0x00000000de880000,0x00000000de880000,0x00000000df200000)
 ParOldGen       total 47104K, used 6345K [0x0000000081600000, 0x0000000084400000, 0x00000000d5d00000)
  object space 47104K, 13% used [0x0000000081600000,0x0000000081c32538,0x0000000084400000)
 Metaspace       used 20201K, capacity 21228K, committed 21296K, reserved 1067008K
  class space    used 2682K, capacity 2925K, committed 2944K, reserved 1048576K
}
Event: 5.039 GC heap before
{Heap before GC invocations=7 (full 1):
 PSYoungGen      total 71680K, used 66560K [0x00000000d5d00000, 0x00000000df200000, 0x0000000100000000)
  eden space 66560K, 100% used [0x00000000d5d00000,0x00000000d9e00000,0x00000000d9e00000)
  from space 5120K, 0% used [0x00000000d9e00000,0x00000000d9e00000,0x00000000da300000)
  to   space 9728K, 0% used [0x00000000de880000,0x00000000de880000,0x00000000df200000)
 ParOldGen       total 47104K, used 6345K [0x0000000081600000, 0x0000000084400000, 0x00000000d5d00000)
  object space 47104K, 13% used [0x0000000081600000,0x0000000081c32538,0x0000000084400000)
 Metaspace       used 23224K, capacity 24590K, committed 24704K, reserved 1071104K
  class space    used 3134K, capacity 3439K, committed 3456K, reserved 1048576K
Event: 5.045 GC heap after
Heap after GC invocations=7 (full 1):
 PSYoungGen      total 134144K, used 5729K [0x00000000d5d00000, 0x00000000dee80000, 0x0000000100000000)
  eden space 128000K, 0% used [0x00000000d5d00000,0x00000000d5d00000,0x00000000dda00000)
  from space 6144K, 93% used [0x00000000de880000,0x00000000dee18410,0x00000000dee80000)
  to   space 9728K, 0% used [0x00000000ddb80000,0x00000000ddb80000,0x00000000de500000)
 ParOldGen       total 47104K, used 6353K [0x0000000081600000, 0x0000000084400000, 0x00000000d5d00000)
  object space 47104K, 13% used [0x0000000081600000,0x0000000081c34538,0x0000000084400000)
 Metaspace       used 23224K, capacity 24590K, committed 24704K, reserved 1071104K
  class space    used 3134K, capacity 3439K, committed 3456K, reserved 1048576K
}
Event: 6.194 GC heap before
{Heap before GC invocations=8 (full 1):
 PSYoungGen      total 134144K, used 133729K [0x00000000d5d00000, 0x00000000dee80000, 0x0000000100000000)
  eden space 128000K, 100% used [0x00000000d5d00000,0x00000000dda00000,0x00000000dda00000)
  from space 6144K, 93% used [0x00000000de880000,0x00000000dee18410,0x00000000dee80000)
  to   space 9728K, 0% used [0x00000000ddb80000,0x00000000ddb80000,0x00000000de500000)
 ParOldGen       total 47104K, used 6353K [0x0000000081600000, 0x0000000084400000, 0x00000000d5d00000)
  object space 47104K, 13% used [0x0000000081600000,0x0000000081c34538,0x0000000084400000)
 Metaspace       used 32824K, capacity 34788K, committed 35072K, reserved 1079296K
  class space    used 4353K, capacity 4738K, committed 4864K, reserved 1048576K
Event: 6.207 GC heap after
Heap after GC invocations=8 (full 1):
 PSYoungGen      total 139264K, used 9727K [0x00000000d5d00000, 0x00000000e6200000, 0x0000000100000000)
  eden space 129536K, 0% used [0x00000000d5d00000,0x00000000d5d00000,0x00000000ddb80000)
  from space 9728K, 99% used [0x00000000ddb80000,0x00000000de4fff80,0x00000000de500000)
  to   space 11776K, 0% used [0x00000000e5680000,0x00000000e5680000,0x00000000e6200000)
 ParOldGen       total 47104K, used 8456K [0x0000000081600000, 0x0000000084400000, 0x00000000d5d00000)
  object space 47104K, 17% used [0x0000000081600000,0x0000000081e420a8,0x0000000084400000)
 Metaspace       used 32824K, capacity 34788K, committed 35072K, reserved 1079296K
  class space    used 4353K, capacity 4738K, committed 4864K, reserved 1048576K
}
Event: 6.322 GC heap before
{Heap before GC invocations=9 (full 1):
 PSYoungGen      total 139264K, used 25679K [0x00000000d5d00000, 0x00000000e6200000, 0x0000000100000000)
  eden space 129536K, 12% used [0x00000000d5d00000,0x00000000d6c93e90,0x00000000ddb80000)
  from space 9728K, 99% used [0x00000000ddb80000,0x00000000de4fff80,0x00000000de500000)
  to   space 11776K, 0% used [0x00000000e5680000,0x00000000e5680000,0x00000000e6200000)
 ParOldGen       total 47104K, used 8456K [0x0000000081600000, 0x0000000084400000, 0x00000000d5d00000)
  object space 47104K, 17% used [0x0000000081600000,0x0000000081e420a8,0x0000000084400000)
 Metaspace       used 33411K, capacity 35390K, committed 35496K, reserved 1079296K
  class space    used 4435K, capacity 4821K, committed 4864K, reserved 1048576K
Event: 6.334 GC heap after
Heap after GC invocations=9 (full 1):
 PSYoungGen      total 255488K, used 8247K [0x00000000d5d00000, 0x00000000e6580000, 0x0000000100000000)
  eden space 243712K, 0% used [0x00000000d5d00000,0x00000000d5d00000,0x00000000e4b00000)
  from space 11776K, 70% used [0x00000000e5680000,0x00000000e5e8dd10,0x00000000e6200000)
  to   space 11776K, 0% used [0x00000000e4b00000,0x00000000e4b00000,0x00000000e5680000)
 ParOldGen       total 47104K, used 8464K [0x0000000081600000, 0x0000000084400000, 0x00000000d5d00000)
  object space 47104K, 17% used [0x0000000081600000,0x0000000081e440a8,0x0000000084400000)
 Metaspace       used 33411K, capacity 35390K, committed 35496K, reserved 1079296K
  class space    used 4435K, capacity 4821K, committed 4864K, reserved 1048576K
}
Event: 6.334 GC heap before
{Heap before GC invocations=10 (full 2):
 PSYoungGen      total 255488K, used 8247K [0x00000000d5d00000, 0x00000000e6580000, 0x0000000100000000)
  eden space 243712K, 0% used [0x00000000d5d00000,0x00000000d5d00000,0x00000000e4b00000)
  from space 11776K, 70% used [0x00000000e5680000,0x00000000e5e8dd10,0x00000000e6200000)
  to   space 11776K, 0% used [0x00000000e4b00000,0x00000000e4b00000,0x00000000e5680000)
 ParOldGen       total 47104K, used 8464K [0x0000000081600000, 0x0000000084400000, 0x00000000d5d00000)
  object space 47104K, 17% used [0x0000000081600000,0x0000000081e440a8,0x0000000084400000)
 Metaspace       used 33411K, capacity 35390K, committed 35496K, reserved 1079296K
  class space    used 4435K, capacity 4821K, committed 4864K, reserved 1048576K
Event: 6.402 GC heap after
Heap after GC invocations=10 (full 2):
 PSYoungGen      total 255488K, used 0K [0x00000000d5d00000, 0x00000000e6580000, 0x0000000100000000)
  eden space 243712K, 0% used [0x00000000d5d00000,0x00000000d5d00000,0x00000000e4b00000)
  from space 11776K, 0% used [0x00000000e5680000,0x00000000e5680000,0x00000000e6200000)
  to   space 11776K, 0% used [0x00000000e4b00000,0x00000000e4b00000,0x00000000e5680000)
 ParOldGen       total 61952K, used 13781K [0x0000000081600000, 0x0000000085280000, 0x00000000d5d00000)
  object space 61952K, 22% used [0x0000000081600000,0x00000000823754b0,0x0000000085280000)
 Metaspace       used 33411K, capacity 35390K, committed 35496K, reserved 1079296K
  class space    used 4435K, capacity 4821K, committed 4864K, reserved 1048576K
}

