# JRE version: Java(TM) SE Runtime Environment (8.0_241-b07) (build 1.8.0_241-b07)
# Java VM: Java HotSpot(TM) 64-Bit Server VM (25.241-b07 mixed mode windows-amd64 compressed oops)
Heap:
 PSYoungGen      total 240640K, used 68926K [0x00000000d5d00000, 0x00000000e5f00000, 0x0000000100000000)
  eden space 228864K, 30% used [0x00000000d5d00000,0x00000000da04f960,0x00000000e3c80000)
  from space 11776K, 0% used [0x00000000e4800000,0x00000000e4800000,0x00000000e5380000)
  to   space 11776K, 0% used [0x00000000e3c80000,0x00000000e3c80000,0x00000000e4800000)
 ParOldGen       total 66560K, used 13918K [0x0000000081600000, 0x0000000085700000, 0x00000000d5d00000)
  object space 66560K, 20% used [0x0000000081600000,0x0000000082397938,0x0000000085700000)
 Metaspace       used 37273K, capacity 39792K, committed 39808K, reserved 1083392K
  class space    used 5025K, capacity 5489K, committed 5504K, reserved 1048576K
GC Heap History (10 events):
Event: 4.209 GC heap before
{Heap before GC invocations=6 (full 1):
 PSYoungGen      total 71680K, used 5112K [0x00000000d5d00000, 0x00000000df200000, 0x0000000100000000)
  eden space 66560K, 0% used [0x00000000d5d00000,0x00000000d5d00000,0x00000000d9e00000)
  from space 5120K, 99% used [0x00000000d9e00000,0x00000000da2fe010,0x00000000da300000)
  to   space 9728K, 0% used [0x00000000de880000,0x00000000de880000,0x00000000df200000)
 ParOldGen       total 87552K, used 7270K [0x0000000081600000, 0x0000000086b80000, 0x00000000d5d00000)
  object space 87552K, 8% used [0x0000000081600000,0x0000000081d19920,0x0000000086b80000)
 Metaspace       used 20201K, capacity 21232K, committed 21296K, reserved 1067008K
  class space    used 2681K, capacity 2925K, committed 2944K, reserved 1048576K
Event: 4.242 GC heap after
Heap after GC invocations=6 (full 1):
 PSYoungGen      total 71680K, used 0K [0x00000000d5d00000, 0x00000000df200000, 0x0000000100000000)
  eden space 66560K, 0% used [0x00000000d5d00000,0x00000000d5d00000,0x00000000d9e00000)
  from space 5120K, 0% used [0x00000000d9e00000,0x00000000d9e00000,0x00000000da300000)
  to   space 9728K, 0% used [0x00000000de880000,0x00000000de880000,0x00000000df200000)
 ParOldGen       total 48640K, used 6381K [0x0000000081600000, 0x0000000084580000, 0x00000000d5d00000)
  object space 48640K, 13% used [0x0000000081600000,0x0000000081c3b750,0x0000000084580000)
 Metaspace       used 20201K, capacity 21232K, committed 21296K, reserved 1067008K
  class space    used 2681K, capacity 2925K, committed 2944K, reserved 1048576K
}
Event: 4.866 GC heap before
{Heap before GC invocations=7 (full 1):
 PSYoungGen      total 71680K, used 66560K [0x00000000d5d00000, 0x00000000df200000, 0x0000000100000000)
  eden space 66560K, 100% used [0x00000000d5d00000,0x00000000d9e00000,0x00000000d9e00000)
  from space 5120K, 0% used [0x00000000d9e00000,0x00000000d9e00000,0x00000000da300000)
  to   space 9728K, 0% used [0x00000000de880000,0x00000000de880000,0x00000000df200000)
 ParOldGen       total 48640K, used 6381K [0x0000000081600000, 0x0000000084580000, 0x00000000d5d00000)
  object space 48640K, 13% used [0x0000000081600000,0x0000000081c3b750,0x0000000084580000)
 Metaspace       used 23269K, capacity 24658K, committed 24704K, reserved 1071104K
  class space    used 3137K, capacity 3439K, committed 3456K, reserved 1048576K
Event: 4.872 GC heap after
Heap after GC invocations=7 (full 1):
 PSYoungGen      total 130560K, used 5815K [0x00000000d5d00000, 0x00000000dee80000, 0x0000000100000000)
  eden space 124416K, 0% used [0x00000000d5d00000,0x00000000d5d00000,0x00000000dd680000)
  from space 6144K, 94% used [0x00000000de880000,0x00000000dee2dfe8,0x00000000dee80000)
  to   space 9728K, 0% used [0x00000000ddb80000,0x00000000ddb80000,0x00000000de500000)
 ParOldGen       total 48640K, used 6389K [0x0000000081600000, 0x0000000084580000, 0x00000000d5d00000)
  object space 48640K, 13% used [0x0000000081600000,0x0000000081c3d750,0x0000000084580000)
 Metaspace       used 23269K, capacity 24658K, committed 24704K, reserved 1071104K
  class space    used 3137K, capacity 3439K, committed 3456K, reserved 1048576K
}
Event: 5.927 GC heap before
{Heap before GC invocations=8 (full 1):
 PSYoungGen      total 130560K, used 130231K [0x00000000d5d00000, 0x00000000dee80000, 0x0000000100000000)
  eden space 124416K, 100% used [0x00000000d5d00000,0x00000000dd680000,0x00000000dd680000)
  from space 6144K, 94% used [0x00000000de880000,0x00000000dee2dfe8,0x00000000dee80000)
  to   space 9728K, 0% used [0x00000000ddb80000,0x00000000ddb80000,0x00000000de500000)
 ParOldGen       total 48640K, used 6389K [0x0000000081600000, 0x0000000084580000, 0x00000000d5d00000)
  object space 48640K, 13% used [0x0000000081600000,0x0000000081c3d750,0x0000000084580000)
 Metaspace       used 32678K, capacity 34662K, committed 34944K, reserved 1079296K
  class space    used 4328K, capacity 4695K, committed 4736K, reserved 1048576K
Event: 5.941 GC heap after
Heap after GC invocations=8 (full 1):
 PSYoungGen      total 139264K, used 9702K [0x00000000d5d00000, 0x00000000e5380000, 0x0000000100000000)
  eden space 129536K, 0% used [0x00000000d5d00000,0x00000000d5d00000,0x00000000ddb80000)
  from space 9728K, 99% used [0x00000000ddb80000,0x00000000de4f99a8,0x00000000de500000)
  to   space 11776K, 0% used [0x00000000e4800000,0x00000000e4800000,0x00000000e5380000)
 ParOldGen       total 48640K, used 8175K [0x0000000081600000, 0x0000000084580000, 0x00000000d5d00000)
  object space 48640K, 16% used [0x0000000081600000,0x0000000081dfbd40,0x0000000084580000)
 Metaspace       used 32678K, capacity 34662K, committed 34944K, reserved 1079296K
  class space    used 4328K, capacity 4695K, committed 4736K, reserved 1048576K
}
Event: 6.065 GC heap before
{Heap before GC invocations=9 (full 1):
 PSYoungGen      total 139264K, used 27712K [0x00000000d5d00000, 0x00000000e5380000, 0x0000000100000000)
  eden space 129536K, 13% used [0x00000000d5d00000,0x00000000d6e968c0,0x00000000ddb80000)
  from space 9728K, 99% used [0x00000000ddb80000,0x00000000de4f99a8,0x00000000de500000)
  to   space 11776K, 0% used [0x00000000e4800000,0x00000000e4800000,0x00000000e5380000)
 ParOldGen       total 48640K, used 8175K [0x0000000081600000, 0x0000000084580000, 0x00000000d5d00000)
  object space 48640K, 16% used [0x0000000081600000,0x0000000081dfbd40,0x0000000084580000)
 Metaspace       used 33412K, capacity 35394K, committed 35496K, reserved 1079296K
  class space    used 4433K, capacity 4821K, committed 4864K, reserved 1048576K
Event: 6.074 GC heap after
Heap after GC invocations=9 (full 1):
 PSYoungGen      total 240640K, used 8307K [0x00000000d5d00000, 0x00000000e5f00000, 0x0000000100000000)
  eden space 228864K, 0% used [0x00000000d5d00000,0x00000000d5d00000,0x00000000e3c80000)
  from space 11776K, 70% used [0x00000000e4800000,0x00000000e501cf50,0x00000000e5380000)
  to   space 11776K, 0% used [0x00000000e3c80000,0x00000000e3c80000,0x00000000e4800000)
 ParOldGen       total 48640K, used 8183K [0x0000000081600000, 0x0000000084580000, 0x00000000d5d00000)
  object space 48640K, 16% used [0x0000000081600000,0x0000000081dfdd40,0x0000000084580000)
 Metaspace       used 33412K, capacity 35394K, committed 35496K, reserved 1079296K
  class space    used 4433K, capacity 4821K, committed 4864K, reserved 1048576K
}
Event: 6.074 GC heap before
{Heap before GC invocations=10 (full 2):
 PSYoungGen      total 240640K, used 8307K [0x00000000d5d00000, 0x00000000e5f00000, 0x0000000100000000)
  eden space 228864K, 0% used [0x00000000d5d00000,0x00000000d5d00000,0x00000000e3c80000)
  from space 11776K, 70% used [0x00000000e4800000,0x00000000e501cf50,0x00000000e5380000)
  to   space 11776K, 0% used [0x00000000e3c80000,0x00000000e3c80000,0x00000000e4800000)
 ParOldGen       total 48640K, used 8183K [0x0000000081600000, 0x0000000084580000, 0x00000000d5d00000)
  object space 48640K, 16% used [0x0000000081600000,0x0000000081dfdd40,0x0000000084580000)
 Metaspace       used 33412K, capacity 35394K, committed 35496K, reserved 1079296K
  class space    used 4433K, capacity 4821K, committed 4864K, reserved 1048576K
Event: 6.127 GC heap after
Heap after GC invocations=10 (full 2):
 PSYoungGen      total 240640K, used 0K [0x00000000d5d00000, 0x00000000e5f00000, 0x0000000100000000)
  eden space 228864K, 0% used [0x00000000d5d00000,0x00000000d5d00000,0x00000000e3c80000)
  from space 11776K, 0% used [0x00000000e4800000,0x00000000e4800000,0x00000000e5380000)
  to   space 11776K, 0% used [0x00000000e3c80000,0x00000000e3c80000,0x00000000e4800000)
 ParOldGen       total 66560K, used 13918K [0x0000000081600000, 0x0000000085700000, 0x00000000d5d00000)
  object space 66560K, 20% used [0x0000000081600000,0x0000000082397938,0x0000000085700000)
 Metaspace       used 33412K, capacity 35394K, committed 35496K, reserved 1079296K
  class space    used 4433K, capacity 4821K, committed 4864K, reserved 1048576K
}

