# JRE version: Java(TM) SE Runtime Environment (8.0_241-b07) (build 1.8.0_241-b07)
# Java VM: Java HotSpot(TM) 64-Bit Server VM (25.241-b07 mixed mode windows-amd64 compressed oops)
Heap:
 PSYoungGen      total 131584K, used 53269K [0x00000000d5d00000, 0x00000000df700000, 0x0000000100000000)
  eden space 127488K, 41% used [0x00000000d5d00000,0x00000000d91054e8,0x00000000dd980000)
  from space 4096K, 0% used [0x00000000de500000,0x00000000de500000,0x00000000de900000)
  to   space 11776K, 0% used [0x00000000dd980000,0x00000000dd980000,0x00000000de500000)
 ParOldGen       total 111616K, used 14304K [0x0000000081600000, 0x0000000088300000, 0x00000000d5d00000)
  object space 111616K, 12% used [0x0000000081600000,0x00000000823f80a0,0x0000000088300000)
 Metaspace       used 37213K, capacity 39730K, committed 39808K, reserved 1083392K
  class space    used 5026K, capacity 5490K, committed 5504K, reserved 1048576K
GC Heap History (10 events):
Event: 3.893 GC heap before
{Heap before GC invocations=6 (full 1):
 PSYoungGen      total 71680K, used 5112K [0x00000000d5d00000, 0x00000000df200000, 0x0000000100000000)
  eden space 66560K, 0% used [0x00000000d5d00000,0x00000000d5d00000,0x00000000d9e00000)
  from space 5120K, 99% used [0x00000000d9e00000,0x00000000da2fe030,0x00000000da300000)
  to   space 9728K, 0% used [0x00000000de880000,0x00000000de880000,0x00000000df200000)
 ParOldGen       total 87552K, used 7348K [0x0000000081600000, 0x0000000086b80000, 0x00000000d5d00000)
  object space 87552K, 8% used [0x0000000081600000,0x0000000081d2d1f8,0x0000000086b80000)
 Metaspace       used 20196K, capacity 21232K, committed 21296K, reserved 1067008K
  class space    used 2681K, capacity 2925K, committed 2944K, reserved 1048576K
Event: 4.554 GC heap after
Heap after GC invocations=6 (full 1):
 PSYoungGen      total 71680K, used 0K [0x00000000d5d00000, 0x00000000df200000, 0x0000000100000000)
  eden space 66560K, 0% used [0x00000000d5d00000,0x00000000d5d00000,0x00000000d9e00000)
  from space 5120K, 0% used [0x00000000d9e00000,0x00000000d9e00000,0x00000000da300000)
  to   space 9728K, 0% used [0x00000000de880000,0x00000000de880000,0x00000000df200000)
 ParOldGen       total 66048K, used 6357K [0x0000000081600000, 0x0000000085680000, 0x00000000d5d00000)
  object space 66048K, 9% used [0x0000000081600000,0x0000000081c35500,0x0000000085680000)
 Metaspace       used 20196K, capacity 21232K, committed 21296K, reserved 1067008K
  class space    used 2681K, capacity 2925K, committed 2944K, reserved 1048576K
}
Event: 7.073 GC heap before
{Heap before GC invocations=7 (full 1):
 PSYoungGen      total 71680K, used 66560K [0x00000000d5d00000, 0x00000000df200000, 0x0000000100000000)
  eden space 66560K, 100% used [0x00000000d5d00000,0x00000000d9e00000,0x00000000d9e00000)
  from space 5120K, 0% used [0x00000000d9e00000,0x00000000d9e00000,0x00000000da300000)
  to   space 9728K, 0% used [0x00000000de880000,0x00000000de880000,0x00000000df200000)
 ParOldGen       total 66048K, used 6357K [0x0000000081600000, 0x0000000085680000, 0x00000000d5d00000)
  object space 66048K, 9% used [0x0000000081600000,0x0000000081c35500,0x0000000085680000)
 Metaspace       used 23106K, capacity 24450K, committed 24704K, reserved 1071104K
  class space    used 3112K, capacity 3373K, committed 3456K, reserved 1048576K
Event: 7.084 GC heap after
Heap after GC invocations=7 (full 1):
 PSYoungGen      total 93184K, used 5647K [0x00000000d5d00000, 0x00000000dee80000, 0x0000000100000000)
  eden space 87040K, 0% used [0x00000000d5d00000,0x00000000d5d00000,0x00000000db200000)
  from space 6144K, 91% used [0x00000000de880000,0x00000000dee03e68,0x00000000dee80000)
  to   space 9728K, 0% used [0x00000000ddb80000,0x00000000ddb80000,0x00000000de500000)
 ParOldGen       total 66048K, used 6357K [0x0000000081600000, 0x0000000085680000, 0x00000000d5d00000)
  object space 66048K, 9% used [0x0000000081600000,0x0000000081c35500,0x0000000085680000)
 Metaspace       used 23106K, capacity 24450K, committed 24704K, reserved 1071104K
  class space    used 3112K, capacity 3373K, committed 3456K, reserved 1048576K
}
Event: 8.728 GC heap before
{Heap before GC invocations=8 (full 1):
 PSYoungGen      total 93184K, used 92687K [0x00000000d5d00000, 0x00000000dee80000, 0x0000000100000000)
  eden space 87040K, 100% used [0x00000000d5d00000,0x00000000db200000,0x00000000db200000)
  from space 6144K, 91% used [0x00000000de880000,0x00000000dee03e68,0x00000000dee80000)
  to   space 9728K, 0% used [0x00000000ddb80000,0x00000000ddb80000,0x00000000de500000)
 ParOldGen       total 66048K, used 6357K [0x0000000081600000, 0x0000000085680000, 0x00000000d5d00000)
  object space 66048K, 9% used [0x0000000081600000,0x0000000081c35500,0x0000000085680000)
 Metaspace       used 29512K, capacity 31406K, committed 31744K, reserved 1077248K
  class space    used 3919K, capacity 4275K, committed 4352K, reserved 1048576K
Event: 8.740 GC heap after
Heap after GC invocations=8 (full 1):
 PSYoungGen      total 119296K, used 9705K [0x00000000d5d00000, 0x00000000de900000, 0x0000000100000000)
  eden space 109568K, 0% used [0x00000000d5d00000,0x00000000d5d00000,0x00000000dc800000)
  from space 9728K, 99% used [0x00000000ddb80000,0x00000000de4fa7a8,0x00000000de500000)
  to   space 4096K, 0% used [0x00000000de500000,0x00000000de500000,0x00000000de900000)
 ParOldGen       total 66048K, used 6948K [0x0000000081600000, 0x0000000085680000, 0x00000000d5d00000)
  object space 66048K, 10% used [0x0000000081600000,0x0000000081cc9088,0x0000000085680000)
 Metaspace       used 29512K, capacity 31406K, committed 31744K, reserved 1077248K
  class space    used 3919K, capacity 4275K, committed 4352K, reserved 1048576K
}
Event: 9.219 GC heap before
{Heap before GC invocations=9 (full 1):
 PSYoungGen      total 119296K, used 65932K [0x00000000d5d00000, 0x00000000de900000, 0x0000000100000000)
  eden space 109568K, 51% used [0x00000000d5d00000,0x00000000d93e8a38,0x00000000dc800000)
  from space 9728K, 99% used [0x00000000ddb80000,0x00000000de4fa7a8,0x00000000de500000)
  to   space 4096K, 0% used [0x00000000de500000,0x00000000de500000,0x00000000de900000)
 ParOldGen       total 66048K, used 6948K [0x0000000081600000, 0x0000000085680000, 0x00000000d5d00000)
  object space 66048K, 10% used [0x0000000081600000,0x0000000081cc9088,0x0000000085680000)
 Metaspace       used 33385K, capacity 35390K, committed 35496K, reserved 1079296K
  class space    used 4439K, capacity 4821K, committed 4864K, reserved 1048576K
Event: 9.229 GC heap after
Heap after GC invocations=9 (full 1):
 PSYoungGen      total 131584K, used 4066K [0x00000000d5d00000, 0x00000000df700000, 0x0000000100000000)
  eden space 127488K, 0% used [0x00000000d5d00000,0x00000000d5d00000,0x00000000dd980000)
  from space 4096K, 99% used [0x00000000de500000,0x00000000de8f8ac8,0x00000000de900000)
  to   space 11776K, 0% used [0x00000000dd980000,0x00000000dd980000,0x00000000de500000)
 ParOldGen       total 66048K, used 11977K [0x0000000081600000, 0x0000000085680000, 0x00000000d5d00000)
  object space 66048K, 18% used [0x0000000081600000,0x00000000821b2498,0x0000000085680000)
 Metaspace       used 33385K, capacity 35390K, committed 35496K, reserved 1079296K
  class space    used 4439K, capacity 4821K, committed 4864K, reserved 1048576K
}
Event: 9.229 GC heap before
{Heap before GC invocations=10 (full 2):
 PSYoungGen      total 131584K, used 4066K [0x00000000d5d00000, 0x00000000df700000, 0x0000000100000000)
  eden space 127488K, 0% used [0x00000000d5d00000,0x00000000d5d00000,0x00000000dd980000)
  from space 4096K, 99% used [0x00000000de500000,0x00000000de8f8ac8,0x00000000de900000)
  to   space 11776K, 0% used [0x00000000dd980000,0x00000000dd980000,0x00000000de500000)
 ParOldGen       total 66048K, used 11977K [0x0000000081600000, 0x0000000085680000, 0x00000000d5d00000)
  object space 66048K, 18% used [0x0000000081600000,0x00000000821b2498,0x0000000085680000)
 Metaspace       used 33385K, capacity 35390K, committed 35496K, reserved 1079296K
  class space    used 4439K, capacity 4821K, committed 4864K, reserved 1048576K
Event: 9.341 GC heap after
Heap after GC invocations=10 (full 2):
 PSYoungGen      total 131584K, used 0K [0x00000000d5d00000, 0x00000000df700000, 0x0000000100000000)
  eden space 127488K, 0% used [0x00000000d5d00000,0x00000000d5d00000,0x00000000dd980000)
  from space 4096K, 0% used [0x00000000de500000,0x00000000de500000,0x00000000de900000)
  to   space 11776K, 0% used [0x00000000dd980000,0x00000000dd980000,0x00000000de500000)
 ParOldGen       total 111616K, used 14304K [0x0000000081600000, 0x0000000088300000, 0x00000000d5d00000)
  object space 111616K, 12% used [0x0000000081600000,0x00000000823f80a0,0x0000000088300000)
 Metaspace       used 33385K, capacity 35390K, committed 35496K, reserved 1079296K
  class space    used 4439K, capacity 4821K, committed 4864K, reserved 1048576K
}

