# JRE version: Java(TM) SE Runtime Environment (8.0_241-b07) (build 1.8.0_241-b07)
# Java VM: Java HotSpot(TM) 64-Bit Server VM (25.241-b07 mixed mode windows-amd64 compressed oops)
Heap:
 PSYoungGen      total 240128K, used 66707K [0x00000000d5d00000, 0x00000000e5c80000, 0x0000000100000000)
  eden space 228352K, 29% used [0x00000000d5d00000,0x00000000d9e24dd0,0x00000000e3c00000)
  from space 11776K, 0% used [0x00000000e4780000,0x00000000e4780000,0x00000000e5300000)
  to   space 11776K, 0% used [0x00000000e3c00000,0x00000000e3c00000,0x00000000e4780000)
 ParOldGen       total 64000K, used 13889K [0x0000000081600000, 0x0000000085480000, 0x00000000d5d00000)
  object space 64000K, 21% used [0x0000000081600000,0x0000000082390678,0x0000000085480000)
 Metaspace       used 37272K, capacity 39724K, committed 39808K, reserved 1083392K
  class space    used 5025K, capacity 5489K, committed 5504K, reserved 1048576K
GC Heap History (10 events):
Event: 4.520 GC heap before
{Heap before GC invocations=6 (full 1):
 PSYoungGen      total 71680K, used 5112K [0x00000000d5d00000, 0x00000000df200000, 0x0000000100000000)
  eden space 66560K, 0% used [0x00000000d5d00000,0x00000000d5d00000,0x00000000d9e00000)
  from space 5120K, 99% used [0x00000000d9e00000,0x00000000da2fe030,0x00000000da300000)
  to   space 9728K, 0% used [0x00000000de880000,0x00000000de880000,0x00000000df200000)
 ParOldGen       total 87552K, used 7359K [0x0000000081600000, 0x0000000086b80000, 0x00000000d5d00000)
  object space 87552K, 8% used [0x0000000081600000,0x0000000081d2ff58,0x0000000086b80000)
 Metaspace       used 20201K, capacity 21228K, committed 21296K, reserved 1067008K
  class space    used 2679K, capacity 2925K, committed 2944K, reserved 1048576K
Event: 4.573 GC heap after
Heap after GC invocations=6 (full 1):
 PSYoungGen      total 71680K, used 0K [0x00000000d5d00000, 0x00000000df200000, 0x0000000100000000)
  eden space 66560K, 0% used [0x00000000d5d00000,0x00000000d5d00000,0x00000000d9e00000)
  from space 5120K, 0% used [0x00000000d9e00000,0x00000000d9e00000,0x00000000da300000)
  to   space 9728K, 0% used [0x00000000de880000,0x00000000de880000,0x00000000df200000)
 ParOldGen       total 48128K, used 6382K [0x0000000081600000, 0x0000000084500000, 0x00000000d5d00000)
  object space 48128K, 13% used [0x0000000081600000,0x0000000081c3b878,0x0000000084500000)
 Metaspace       used 20201K, capacity 21228K, committed 21296K, reserved 1067008K
  class space    used 2679K, capacity 2925K, committed 2944K, reserved 1048576K
}
Event: 5.305 GC heap before
{Heap before GC invocations=7 (full 1):
 PSYoungGen      total 71680K, used 66560K [0x00000000d5d00000, 0x00000000df200000, 0x0000000100000000)
  eden space 66560K, 100% used [0x00000000d5d00000,0x00000000d9e00000,0x00000000d9e00000)
  from space 5120K, 0% used [0x00000000d9e00000,0x00000000d9e00000,0x00000000da300000)
  to   space 9728K, 0% used [0x00000000de880000,0x00000000de880000,0x00000000df200000)
 ParOldGen       total 48128K, used 6382K [0x0000000081600000, 0x0000000084500000, 0x00000000d5d00000)
  object space 48128K, 13% used [0x0000000081600000,0x0000000081c3b878,0x0000000084500000)
 Metaspace       used 23233K, capacity 24584K, committed 24704K, reserved 1071104K
  class space    used 3132K, capacity 3438K, committed 3456K, reserved 1048576K
Event: 5.311 GC heap after
Heap after GC invocations=7 (full 1):
 PSYoungGen      total 130560K, used 5814K [0x00000000d5d00000, 0x00000000dee80000, 0x0000000100000000)
  eden space 124416K, 0% used [0x00000000d5d00000,0x00000000d5d00000,0x00000000dd680000)
  from space 6144K, 94% used [0x00000000de880000,0x00000000dee2d8f0,0x00000000dee80000)
  to   space 9728K, 0% used [0x00000000ddb80000,0x00000000ddb80000,0x00000000de500000)
 ParOldGen       total 48128K, used 6390K [0x0000000081600000, 0x0000000084500000, 0x00000000d5d00000)
  object space 48128K, 13% used [0x0000000081600000,0x0000000081c3d878,0x0000000084500000)
 Metaspace       used 23233K, capacity 24584K, committed 24704K, reserved 1071104K
  class space    used 3132K, capacity 3438K, committed 3456K, reserved 1048576K
}
Event: 6.505 GC heap before
{Heap before GC invocations=8 (full 1):
 PSYoungGen      total 130560K, used 130230K [0x00000000d5d00000, 0x00000000dee80000, 0x0000000100000000)
  eden space 124416K, 100% used [0x00000000d5d00000,0x00000000dd680000,0x00000000dd680000)
  from space 6144K, 94% used [0x00000000de880000,0x00000000dee2d8f0,0x00000000dee80000)
  to   space 9728K, 0% used [0x00000000ddb80000,0x00000000ddb80000,0x00000000de500000)
 ParOldGen       total 48128K, used 6390K [0x0000000081600000, 0x0000000084500000, 0x00000000d5d00000)
  object space 48128K, 13% used [0x0000000081600000,0x0000000081c3d878,0x0000000084500000)
 Metaspace       used 32634K, capacity 34616K, committed 34688K, reserved 1079296K
  class space    used 4315K, capacity 4688K, committed 4736K, reserved 1048576K
Event: 6.517 GC heap after
Heap after GC invocations=8 (full 1):
 PSYoungGen      total 139264K, used 9699K [0x00000000d5d00000, 0x00000000e5300000, 0x0000000100000000)
  eden space 129536K, 0% used [0x00000000d5d00000,0x00000000d5d00000,0x00000000ddb80000)
  from space 9728K, 99% used [0x00000000ddb80000,0x00000000de4f8f08,0x00000000de500000)
  to   space 11776K, 0% used [0x00000000e4780000,0x00000000e4780000,0x00000000e5300000)
 ParOldGen       total 48128K, used 8236K [0x0000000081600000, 0x0000000084500000, 0x00000000d5d00000)
  object space 48128K, 17% used [0x0000000081600000,0x0000000081e0b088,0x0000000084500000)
 Metaspace       used 32634K, capacity 34616K, committed 34688K, reserved 1079296K
  class space    used 4315K, capacity 4688K, committed 4736K, reserved 1048576K
}
Event: 6.656 GC heap before
{Heap before GC invocations=9 (full 1):
 PSYoungGen      total 139264K, used 28719K [0x00000000d5d00000, 0x00000000e5300000, 0x0000000100000000)
  eden space 129536K, 14% used [0x00000000d5d00000,0x00000000d6f92d60,0x00000000ddb80000)
  from space 9728K, 99% used [0x00000000ddb80000,0x00000000de4f8f08,0x00000000de500000)
  to   space 11776K, 0% used [0x00000000e4780000,0x00000000e4780000,0x00000000e5300000)
 ParOldGen       total 48128K, used 8236K [0x0000000081600000, 0x0000000084500000, 0x00000000d5d00000)
  object space 48128K, 17% used [0x0000000081600000,0x0000000081e0b088,0x0000000084500000)
 Metaspace       used 33414K, capacity 35390K, committed 35496K, reserved 1079296K
  class space    used 4427K, capacity 4821K, committed 4864K, reserved 1048576K
Event: 6.665 GC heap after
Heap after GC invocations=9 (full 1):
 PSYoungGen      total 240128K, used 8329K [0x00000000d5d00000, 0x00000000e5c80000, 0x0000000100000000)
  eden space 228352K, 0% used [0x00000000d5d00000,0x00000000d5d00000,0x00000000e3c00000)
  from space 11776K, 70% used [0x00000000e4780000,0x00000000e4fa2630,0x00000000e5300000)
  to   space 11776K, 0% used [0x00000000e3c00000,0x00000000e3c00000,0x00000000e4780000)
 ParOldGen       total 48128K, used 8236K [0x0000000081600000, 0x0000000084500000, 0x00000000d5d00000)
  object space 48128K, 17% used [0x0000000081600000,0x0000000081e0b088,0x0000000084500000)
 Metaspace       used 33414K, capacity 35390K, committed 35496K, reserved 1079296K
  class space    used 4427K, capacity 4821K, committed 4864K, reserved 1048576K
}
Event: 6.665 GC heap before
{Heap before GC invocations=10 (full 2):
 PSYoungGen      total 240128K, used 8329K [0x00000000d5d00000, 0x00000000e5c80000, 0x0000000100000000)
  eden space 228352K, 0% used [0x00000000d5d00000,0x00000000d5d00000,0x00000000e3c00000)
  from space 11776K, 70% used [0x00000000e4780000,0x00000000e4fa2630,0x00000000e5300000)
  to   space 11776K, 0% used [0x00000000e3c00000,0x00000000e3c00000,0x00000000e4780000)
 ParOldGen       total 48128K, used 8236K [0x0000000081600000, 0x0000000084500000, 0x00000000d5d00000)
  object space 48128K, 17% used [0x0000000081600000,0x0000000081e0b088,0x0000000084500000)
 Metaspace       used 33414K, capacity 35390K, committed 35496K, reserved 1079296K
  class space    used 4427K, capacity 4821K, committed 4864K, reserved 1048576K
Event: 6.719 GC heap after
Heap after GC invocations=10 (full 2):
 PSYoungGen      total 240128K, used 0K [0x00000000d5d00000, 0x00000000e5c80000, 0x0000000100000000)
  eden space 228352K, 0% used [0x00000000d5d00000,0x00000000d5d00000,0x00000000e3c00000)
  from space 11776K, 0% used [0x00000000e4780000,0x00000000e4780000,0x00000000e5300000)
  to   space 11776K, 0% used [0x00000000e3c00000,0x00000000e3c00000,0x00000000e4780000)
 ParOldGen       total 64000K, used 13889K [0x0000000081600000, 0x0000000085480000, 0x00000000d5d00000)
  object space 64000K, 21% used [0x0000000081600000,0x0000000082390678,0x0000000085480000)
 Metaspace       used 33414K, capacity 35390K, committed 35496K, reserved 1079296K
  class space    used 4427K, capacity 4821K, committed 4864K, reserved 1048576K
}

